2024-04-02 21:16:13,978 - Environment info:
------------------------------------------------------------
sys.platform: win32
Python: 3.10.8 | packaged by conda-forge | (main, Nov 22 2022, 08:16:33) [MSC v.1929 64 bit (AMD64)]
CUDA available: True
CUDA_HOME: C:\Program Files\NVIDIA GPU Computing Toolkit\CUDA\v12.3
NVCC: Not Available
GPU 0: NVIDIA GeForce RTX 4080
GCC: <built-in method strip of str object at 0x000001CD21CBE790>
PyTorch: 2.1.0
PyTorch compiling details: PyTorch built with:
  - C++ Version: 199711
  - MSVC 192930151
  - Intel(R) Math Kernel Library Version 2020.0.2 Product Build 20200624 for Intel(R) 64 architecture applications
  - Intel(R) MKL-DNN v3.1.1 (Git Hash 64f6bcbcbab628e96f33a62c3e975f8535a7bde4)
  - OpenMP 2019
  - LAPACK is enabled (usually provided by MKL)
  - CPU capability usage: AVX512
  - CUDA Runtime 12.1
  - NVCC architecture flags: -gencode;arch=compute_50,code=sm_50;-gencode;arch=compute_60,code=sm_60;-gencode;arch=compute_61,code=sm_61;-gencode;arch=compute_70,code=sm_70;-gencode;arch=compute_75,code=sm_75;-gencode;arch=compute_80,code=sm_80;-gencode;arch=compute_86,code=sm_86;-gencode;arch=compute_90,code=sm_90
  - CuDNN 8.8.1  (built against CUDA 12.0)
  - Magma 2.5.4
  - Build settings: BLAS_INFO=mkl, BUILD_TYPE=Release, CUDA_VERSION=12.1, CUDNN_VERSION=8.8.1, CXX_COMPILER=C:/cb/pytorch_1000000000000/work/tmp_bin/sccache-cl.exe, CXX_FLAGS=/DWIN32 /D_WINDOWS /GR /EHsc /bigobj /FS -DUSE_PTHREADPOOL -DNDEBUG -DUSE_KINETO -DLIBKINETO_NOCUPTI -DLIBKINETO_NOROCTRACER -DUSE_FBGEMM -DUSE_XNNPACK -DSYMBOLICATE_MOBILE_DEBUG_HANDLE /utf-8 /wd4624 /wd4068 /wd4067 /wd4267 /wd4661 /wd4717 /wd4244 /wd4804 /wd4273, LAPACK_INFO=mkl, PERF_WITH_AVX=1, PERF_WITH_AVX2=1, PERF_WITH_AVX512=1, TORCH_DISABLE_GPU_ASSERTS=OFF, TORCH_VERSION=2.1.0, USE_CUDA=ON, USE_CUDNN=ON, USE_EXCEPTION_PTR=1, USE_GFLAGS=OFF, USE_GLOG=OFF, USE_MKL=ON, USE_MKLDNN=ON, USE_MPI=OFF, USE_NCCL=OFF, USE_NNPACK=OFF, USE_OPENMP=ON, USE_ROCM=OFF, 

TorchVision: 0.16.0
OpenCV: 4.8.1
openstl: 1.0.0
------------------------------------------------------------

2024-04-02 21:16:13,979 - 
device: 	cuda	
dist: 	False	
res_dir: 	work_dirs	
ex_name: 	custom_exp	
fp16: 	False	
torchscript: 	False	
seed: 	42	
fps: 	False	
test: 	False	
deterministic: 	False	
batch_size: 	4	
val_batch_size: 	1	
num_workers: 	8	
data_root: 	./data	
dataname: 	custom	
pre_seq_length: 	12	
aft_seq_length: 	12	
total_length: 	24	
use_augment: 	False	
use_prefetcher: 	False	
drop_last: 	False	
method: 	simvp	
config_file: 	None	
model_type: 	swin	
drop: 	0.1	
drop_path: 	0.1	
overwrite: 	False	
loss: 	mse	
epoch: 	50	
log_step: 	1	
opt: 	adam	
opt_eps: 	None	
opt_betas: 	None	
momentum: 	0.9	
weight_decay: 	0.0005	
clip_grad: 	None	
clip_mode: 	norm	
no_display_method_info: 	False	
sched: 	onecycle	
lr: 	0.001	
lr_k_decay: 	1.0	
warmup_lr: 	1e-06	
min_lr: 	1e-06	
final_div_factor: 	10000.0	
warmup_epoch: 	5	
decay_epoch: 	100	
decay_rate: 	0.1	
filter_bias_and_bn: 	False	
gpus: 	[0]	
metric_for_bestckpt: 	val_loss	
metrics: 	['mae', 'mse']	
in_shape: 	[12, 1, 144, 144]	
N_S: 	4	
N_T: 	8	
hid_S: 	64	
hid_T: 	512	
spatio_kernel_enc: 	3	
spatio_kernel_dec: 	3	
model_num: 	8	
2024-04-02 21:16:13,979 - Model info:
SimVP_Model(
  (enc): Encoder(
    (enc): Sequential(
      (0): ConvSC(
        (conv): BasicConv2d(
          (conv): Conv2d(1, 64, kernel_size=(3, 3), stride=(1, 1), padding=(1, 1))
          (norm): GroupNorm(2, 64, eps=1e-05, affine=True)
          (act): SiLU()
        )
      )
      (1): ConvSC(
        (conv): BasicConv2d(
          (conv): Conv2d(64, 64, kernel_size=(3, 3), stride=(2, 2), padding=(1, 1))
          (norm): GroupNorm(2, 64, eps=1e-05, affine=True)
          (act): SiLU()
        )
      )
      (2): ConvSC(
        (conv): BasicConv2d(
          (conv): Conv2d(64, 64, kernel_size=(3, 3), stride=(1, 1), padding=(1, 1))
          (norm): GroupNorm(2, 64, eps=1e-05, affine=True)
          (act): SiLU()
        )
      )
      (3): ConvSC(
        (conv): BasicConv2d(
          (conv): Conv2d(64, 64, kernel_size=(3, 3), stride=(2, 2), padding=(1, 1))
          (norm): GroupNorm(2, 64, eps=1e-05, affine=True)
          (act): SiLU()
        )
      )
    )
  )
  (dec): Decoder(
    (dec): Sequential(
      (0): ConvSC(
        (conv): BasicConv2d(
          (conv): Sequential(
            (0): Conv2d(64, 256, kernel_size=(3, 3), stride=(1, 1), padding=(1, 1))
            (1): PixelShuffle(upscale_factor=2)
          )
          (norm): GroupNorm(2, 64, eps=1e-05, affine=True)
          (act): SiLU()
        )
      )
      (1): ConvSC(
        (conv): BasicConv2d(
          (conv): Conv2d(64, 64, kernel_size=(3, 3), stride=(1, 1), padding=(1, 1))
          (norm): GroupNorm(2, 64, eps=1e-05, affine=True)
          (act): SiLU()
        )
      )
      (2): ConvSC(
        (conv): BasicConv2d(
          (conv): Sequential(
            (0): Conv2d(64, 256, kernel_size=(3, 3), stride=(1, 1), padding=(1, 1))
            (1): PixelShuffle(upscale_factor=2)
          )
          (norm): GroupNorm(2, 64, eps=1e-05, affine=True)
          (act): SiLU()
        )
      )
      (3): ConvSC(
        (conv): BasicConv2d(
          (conv): Conv2d(64, 64, kernel_size=(3, 3), stride=(1, 1), padding=(1, 1))
          (norm): GroupNorm(2, 64, eps=1e-05, affine=True)
          (act): SiLU()
        )
      )
    )
    (readout): Conv2d(64, 1, kernel_size=(1, 1), stride=(1, 1))
  )
  (hid): MidMetaNet(
    (enc): Sequential(
      (0): MetaBlock(
        (block): SwinSubBlock(
          (norm1): LayerNorm((768,), eps=1e-05, elementwise_affine=True)
          (attn): WindowAttention(
            (qkv): Linear(in_features=768, out_features=2304, bias=True)
            (attn_drop): Dropout(p=0.0, inplace=False)
            (proj): Linear(in_features=768, out_features=768, bias=True)
            (proj_drop): Dropout(p=0.1, inplace=False)
            (softmax): Softmax(dim=-1)
          )
          (drop_path): DropPath(drop_prob=0.010)
          (norm2): LayerNorm((768,), eps=1e-05, elementwise_affine=True)
          (mlp): Mlp(
            (fc1): Linear(in_features=768, out_features=6144, bias=True)
            (act): GELU(approximate='none')
            (drop1): Dropout(p=0.1, inplace=False)
            (fc2): Linear(in_features=6144, out_features=768, bias=True)
            (drop2): Dropout(p=0.1, inplace=False)
          )
        )
        (reduction): Conv2d(768, 512, kernel_size=(1, 1), stride=(1, 1))
      )
      (1): MetaBlock(
        (block): SwinSubBlock(
          (norm1): LayerNorm((512,), eps=1e-05, elementwise_affine=True)
          (attn): WindowAttention(
            (qkv): Linear(in_features=512, out_features=1536, bias=True)
            (attn_drop): Dropout(p=0.0, inplace=False)
            (proj): Linear(in_features=512, out_features=512, bias=True)
            (proj_drop): Dropout(p=0.1, inplace=False)
            (softmax): Softmax(dim=-1)
          )
          (drop_path): DropPath(drop_prob=0.023)
          (norm2): LayerNorm((512,), eps=1e-05, elementwise_affine=True)
          (mlp): Mlp(
            (fc1): Linear(in_features=512, out_features=4096, bias=True)
            (act): GELU(approximate='none')
            (drop1): Dropout(p=0.1, inplace=False)
            (fc2): Linear(in_features=4096, out_features=512, bias=True)
            (drop2): Dropout(p=0.1, inplace=False)
          )
        )
      )
      (2): MetaBlock(
        (block): SwinSubBlock(
          (norm1): LayerNorm((512,), eps=1e-05, elementwise_affine=True)
          (attn): WindowAttention(
            (qkv): Linear(in_features=512, out_features=1536, bias=True)
            (attn_drop): Dropout(p=0.0, inplace=False)
            (proj): Linear(in_features=512, out_features=512, bias=True)
            (proj_drop): Dropout(p=0.1, inplace=False)
            (softmax): Softmax(dim=-1)
          )
          (drop_path): DropPath(drop_prob=0.036)
          (norm2): LayerNorm((512,), eps=1e-05, elementwise_affine=True)
          (mlp): Mlp(
            (fc1): Linear(in_features=512, out_features=4096, bias=True)
            (act): GELU(approximate='none')
            (drop1): Dropout(p=0.1, inplace=False)
            (fc2): Linear(in_features=4096, out_features=512, bias=True)
            (drop2): Dropout(p=0.1, inplace=False)
          )
        )
      )
      (3): MetaBlock(
        (block): SwinSubBlock(
          (norm1): LayerNorm((512,), eps=1e-05, elementwise_affine=True)
          (attn): WindowAttention(
            (qkv): Linear(in_features=512, out_features=1536, bias=True)
            (attn_drop): Dropout(p=0.0, inplace=False)
            (proj): Linear(in_features=512, out_features=512, bias=True)
            (proj_drop): Dropout(p=0.1, inplace=False)
            (softmax): Softmax(dim=-1)
          )
          (drop_path): DropPath(drop_prob=0.049)
          (norm2): LayerNorm((512,), eps=1e-05, elementwise_affine=True)
          (mlp): Mlp(
            (fc1): Linear(in_features=512, out_features=4096, bias=True)
            (act): GELU(approximate='none')
            (drop1): Dropout(p=0.1, inplace=False)
            (fc2): Linear(in_features=4096, out_features=512, bias=True)
            (drop2): Dropout(p=0.1, inplace=False)
          )
        )
      )
      (4): MetaBlock(
        (block): SwinSubBlock(
          (norm1): LayerNorm((512,), eps=1e-05, elementwise_affine=True)
          (attn): WindowAttention(
            (qkv): Linear(in_features=512, out_features=1536, bias=True)
            (attn_drop): Dropout(p=0.0, inplace=False)
            (proj): Linear(in_features=512, out_features=512, bias=True)
            (proj_drop): Dropout(p=0.1, inplace=False)
            (softmax): Softmax(dim=-1)
          )
          (drop_path): DropPath(drop_prob=0.061)
          (norm2): LayerNorm((512,), eps=1e-05, elementwise_affine=True)
          (mlp): Mlp(
            (fc1): Linear(in_features=512, out_features=4096, bias=True)
            (act): GELU(approximate='none')
            (drop1): Dropout(p=0.1, inplace=False)
            (fc2): Linear(in_features=4096, out_features=512, bias=True)
            (drop2): Dropout(p=0.1, inplace=False)
          )
        )
      )
      (5): MetaBlock(
        (block): SwinSubBlock(
          (norm1): LayerNorm((512,), eps=1e-05, elementwise_affine=True)
          (attn): WindowAttention(
            (qkv): Linear(in_features=512, out_features=1536, bias=True)
            (attn_drop): Dropout(p=0.0, inplace=False)
            (proj): Linear(in_features=512, out_features=512, bias=True)
            (proj_drop): Dropout(p=0.1, inplace=False)
            (softmax): Softmax(dim=-1)
          )
          (drop_path): DropPath(drop_prob=0.074)
          (norm2): LayerNorm((512,), eps=1e-05, elementwise_affine=True)
          (mlp): Mlp(
            (fc1): Linear(in_features=512, out_features=4096, bias=True)
            (act): GELU(approximate='none')
            (drop1): Dropout(p=0.1, inplace=False)
            (fc2): Linear(in_features=4096, out_features=512, bias=True)
            (drop2): Dropout(p=0.1, inplace=False)
          )
        )
      )
      (6): MetaBlock(
        (block): SwinSubBlock(
          (norm1): LayerNorm((512,), eps=1e-05, elementwise_affine=True)
          (attn): WindowAttention(
            (qkv): Linear(in_features=512, out_features=1536, bias=True)
            (attn_drop): Dropout(p=0.0, inplace=False)
            (proj): Linear(in_features=512, out_features=512, bias=True)
            (proj_drop): Dropout(p=0.1, inplace=False)
            (softmax): Softmax(dim=-1)
          )
          (drop_path): DropPath(drop_prob=0.087)
          (norm2): LayerNorm((512,), eps=1e-05, elementwise_affine=True)
          (mlp): Mlp(
            (fc1): Linear(in_features=512, out_features=4096, bias=True)
            (act): GELU(approximate='none')
            (drop1): Dropout(p=0.1, inplace=False)
            (fc2): Linear(in_features=4096, out_features=512, bias=True)
            (drop2): Dropout(p=0.1, inplace=False)
          )
        )
      )
      (7): MetaBlock(
        (block): SwinSubBlock(
          (norm1): LayerNorm((512,), eps=1e-05, elementwise_affine=True)
          (attn): WindowAttention(
            (qkv): Linear(in_features=512, out_features=1536, bias=True)
            (attn_drop): Dropout(p=0.0, inplace=False)
            (proj): Linear(in_features=512, out_features=512, bias=True)
            (proj_drop): Dropout(p=0.1, inplace=False)
            (softmax): Softmax(dim=-1)
          )
          (drop_path): DropPath(drop_prob=0.100)
          (norm2): LayerNorm((512,), eps=1e-05, elementwise_affine=True)
          (mlp): Mlp(
            (fc1): Linear(in_features=512, out_features=4096, bias=True)
            (act): GELU(approximate='none')
            (drop1): Dropout(p=0.1, inplace=False)
            (fc2): Linear(in_features=4096, out_features=512, bias=True)
            (drop2): Dropout(p=0.1, inplace=False)
          )
        )
        (reduction): Conv2d(512, 768, kernel_size=(1, 1), stride=(1, 1))
      )
    )
  )
)
| module                   | #parameters or shape   | #flops     |
|:-------------------------|:-----------------------|:-----------|
| model                    | 49.843M                | 92.683G    |
|  enc.enc                 |  0.112M                |  5.428G    |
|   enc.enc.0.conv         |   0.768K               |   0.223G   |
|    enc.enc.0.conv.conv   |    0.64K               |    0.143G  |
|    enc.enc.0.conv.norm   |    0.128K              |    79.626M |
|   enc.enc.1.conv         |   37.056K              |   2.313G   |
|    enc.enc.1.conv.conv   |    36.928K             |    2.293G  |
|    enc.enc.1.conv.norm   |    0.128K              |    19.907M |
|   enc.enc.2.conv         |   37.056K              |   2.313G   |
|    enc.enc.2.conv.conv   |    36.928K             |    2.293G  |
|    enc.enc.2.conv.norm   |    0.128K              |    19.907M |
|   enc.enc.3.conv         |   37.056K              |   0.578G   |
|    enc.enc.3.conv.conv   |    36.928K             |    0.573G  |
|    enc.enc.3.conv.norm   |    0.128K              |    4.977M  |
|  dec                     |  0.37M                 |  23.147G   |
|   dec.dec                |   0.37M                |   23.131G  |
|    dec.dec.0.conv        |    0.148M              |    2.313G  |
|    dec.dec.1.conv        |    37.056K             |    2.313G  |
|    dec.dec.2.conv        |    0.148M              |    9.253G  |
|    dec.dec.3.conv        |    37.056K             |    9.253G  |
|   dec.readout            |   65                   |   15.925M  |
|    dec.readout.weight    |    (1, 64, 1, 1)       |            |
|    dec.readout.bias      |    (1,)                |            |
|  hid.enc                 |  49.361M               |  64.108G   |
|   hid.enc.0              |   12.204M              |   15.84G   |
|    hid.enc.0.block       |    11.81M              |    15.33G  |
|    hid.enc.0.reduction   |    0.394M              |    0.51G   |
|   hid.enc.1.block        |   5.252M               |   6.823G   |
|    hid.enc.1.block.norm1 |    1.024K              |    3.318M  |
|    hid.enc.1.block.attn  |    1.051M              |    1.38G   |
|    hid.enc.1.block.norm2 |    1.024K              |    3.318M  |
|    hid.enc.1.block.mlp   |    4.199M              |    5.436G  |
|   hid.enc.2.block        |   5.252M               |   6.823G   |
|    hid.enc.2.block.norm1 |    1.024K              |    3.318M  |
|    hid.enc.2.block.attn  |    1.051M              |    1.38G   |
|    hid.enc.2.block.norm2 |    1.024K              |    3.318M  |
|    hid.enc.2.block.mlp   |    4.199M              |    5.436G  |
|   hid.enc.3.block        |   5.252M               |   6.823G   |
|    hid.enc.3.block.norm1 |    1.024K              |    3.318M  |
|    hid.enc.3.block.attn  |    1.051M              |    1.38G   |
|    hid.enc.3.block.norm2 |    1.024K              |    3.318M  |
|    hid.enc.3.block.mlp   |    4.199M              |    5.436G  |
|   hid.enc.4.block        |   5.252M               |   6.823G   |
|    hid.enc.4.block.norm1 |    1.024K              |    3.318M  |
|    hid.enc.4.block.attn  |    1.051M              |    1.38G   |
|    hid.enc.4.block.norm2 |    1.024K              |    3.318M  |
|    hid.enc.4.block.mlp   |    4.199M              |    5.436G  |
|   hid.enc.5.block        |   5.252M               |   6.823G   |
|    hid.enc.5.block.norm1 |    1.024K              |    3.318M  |
|    hid.enc.5.block.attn  |    1.051M              |    1.38G   |
|    hid.enc.5.block.norm2 |    1.024K              |    3.318M  |
|    hid.enc.5.block.mlp   |    4.199M              |    5.436G  |
|   hid.enc.6.block        |   5.252M               |   6.823G   |
|    hid.enc.6.block.norm1 |    1.024K              |    3.318M  |
|    hid.enc.6.block.attn  |    1.051M              |    1.38G   |
|    hid.enc.6.block.norm2 |    1.024K              |    3.318M  |
|    hid.enc.6.block.mlp   |    4.199M              |    5.436G  |
|   hid.enc.7              |   5.646M               |   7.332G   |
|    hid.enc.7.block       |    5.252M              |    6.823G  |
|    hid.enc.7.reduction   |    0.394M              |    0.51G   |
--------------------------------------------------------------------------------

2024-04-02 21:18:28,628 - Epoch 1: Lr: 0.0000400 | Train Loss: 0.0099790 | Vali Loss: 0.0063832
2024-04-02 21:19:37,223 - Epoch 2: Lr: 0.0000400 | Train Loss: 0.0061937 | Vali Loss: 0.0061964
2024-04-02 21:20:45,760 - Epoch 3: Lr: 0.0000400 | Train Loss: 0.0055746 | Vali Loss: 0.0060758
2024-04-02 21:21:54,145 - Epoch 4: Lr: 0.0000400 | Train Loss: 0.0052242 | Vali Loss: 0.0058523
2024-04-02 21:23:02,484 - Epoch 5: Lr: 0.0000400 | Train Loss: 0.0051364 | Vali Loss: 0.0058312
2024-04-02 21:24:11,264 - Epoch 6: Lr: 0.0000400 | Train Loss: 0.0050401 | Vali Loss: 0.0055989
2024-04-02 21:25:19,672 - Epoch 7: Lr: 0.0000400 | Train Loss: 0.0049319 | Vali Loss: 0.0056921
2024-04-02 21:26:26,655 - Epoch 8: Lr: 0.0000400 | Train Loss: 0.0048616 | Vali Loss: 0.0054998
2024-04-02 21:27:34,997 - Epoch 9: Lr: 0.0000400 | Train Loss: 0.0048178 | Vali Loss: 0.0056802
2024-04-02 21:28:42,023 - Epoch 10: Lr: 0.0000400 | Train Loss: 0.0047898 | Vali Loss: 0.0055439
2024-04-02 21:29:49,072 - Epoch 11: Lr: 0.0000400 | Train Loss: 0.0047294 | Vali Loss: 0.0053581
2024-04-02 21:30:57,597 - Epoch 12: Lr: 0.0000400 | Train Loss: 0.0046748 | Vali Loss: 0.0053954
2024-04-02 21:32:04,563 - Epoch 13: Lr: 0.0000400 | Train Loss: 0.0046269 | Vali Loss: 0.0054751
2024-04-02 21:33:11,566 - Epoch 14: Lr: 0.0000400 | Train Loss: 0.0046380 | Vali Loss: 0.0052829
2024-04-02 21:34:19,959 - Epoch 15: Lr: 0.0000400 | Train Loss: 0.0045970 | Vali Loss: 0.0059961
2024-04-02 21:35:26,899 - Epoch 16: Lr: 0.0000400 | Train Loss: 0.0045768 | Vali Loss: 0.0052353
2024-04-02 21:36:35,213 - Epoch 17: Lr: 0.0000400 | Train Loss: 0.0045148 | Vali Loss: 0.0054843
2024-04-02 21:37:42,150 - Epoch 18: Lr: 0.0000400 | Train Loss: 0.0044804 | Vali Loss: 0.0051560
2024-04-02 21:38:50,567 - Epoch 19: Lr: 0.0000400 | Train Loss: 0.0045169 | Vali Loss: 0.0053147
2024-04-02 21:39:57,590 - Epoch 20: Lr: 0.0000400 | Train Loss: 0.0044749 | Vali Loss: 0.0052337
2024-04-02 21:41:04,572 - Epoch 21: Lr: 0.0000400 | Train Loss: 0.0044545 | Vali Loss: 0.0050751
2024-04-02 21:42:12,944 - Epoch 22: Lr: 0.0000400 | Train Loss: 0.0044327 | Vali Loss: 0.0051020
2024-04-02 21:43:19,920 - Epoch 23: Lr: 0.0000400 | Train Loss: 0.0043872 | Vali Loss: 0.0051301
2024-04-02 21:44:26,946 - Epoch 24: Lr: 0.0000400 | Train Loss: 0.0043945 | Vali Loss: 0.0050531
2024-04-02 21:45:35,610 - Epoch 25: Lr: 0.0000400 | Train Loss: 0.0043568 | Vali Loss: 0.0050710
2024-04-02 21:46:42,581 - Epoch 26: Lr: 0.0000400 | Train Loss: 0.0043939 | Vali Loss: 0.0050997
2024-04-02 21:47:49,512 - Epoch 27: Lr: 0.0000400 | Train Loss: 0.0043646 | Vali Loss: 0.0051063
2024-04-02 21:48:56,445 - Epoch 28: Lr: 0.0000400 | Train Loss: 0.0043345 | Vali Loss: 0.0051288
2024-04-02 21:50:03,468 - Epoch 29: Lr: 0.0000400 | Train Loss: 0.0043502 | Vali Loss: 0.0051642
2024-04-02 21:51:10,434 - Epoch 30: Lr: 0.0000401 | Train Loss: 0.0043264 | Vali Loss: 0.0050395
2024-04-02 21:52:18,904 - Epoch 31: Lr: 0.0000401 | Train Loss: 0.0043485 | Vali Loss: 0.0050026
2024-04-02 21:53:27,272 - Epoch 32: Lr: 0.0000401 | Train Loss: 0.0043227 | Vali Loss: 0.0049385
2024-04-02 21:54:35,688 - Epoch 33: Lr: 0.0000401 | Train Loss: 0.0042939 | Vali Loss: 0.0049277
2024-04-02 21:55:44,028 - Epoch 34: Lr: 0.0000401 | Train Loss: 0.0042941 | Vali Loss: 0.0049483
2024-04-02 21:56:51,017 - Epoch 35: Lr: 0.0000401 | Train Loss: 0.0043062 | Vali Loss: 0.0050637
2024-04-02 21:57:57,980 - Epoch 36: Lr: 0.0000401 | Train Loss: 0.0042551 | Vali Loss: 0.0051419
2024-04-02 21:59:04,925 - Epoch 37: Lr: 0.0000401 | Train Loss: 0.0042984 | Vali Loss: 0.0049126
2024-04-02 22:00:13,402 - Epoch 38: Lr: 0.0000401 | Train Loss: 0.0042624 | Vali Loss: 0.0049845
2024-04-02 22:01:20,366 - Epoch 39: Lr: 0.0000401 | Train Loss: 0.0043012 | Vali Loss: 0.0049814
2024-04-02 22:02:27,325 - Epoch 40: Lr: 0.0000401 | Train Loss: 0.0042803 | Vali Loss: 0.0050208
2024-04-02 22:03:34,315 - Epoch 41: Lr: 0.0000401 | Train Loss: 0.0042848 | Vali Loss: 0.0049350
2024-04-02 22:04:41,320 - Epoch 42: Lr: 0.0000401 | Train Loss: 0.0042705 | Vali Loss: 0.0049754
2024-04-02 22:05:48,297 - Epoch 43: Lr: 0.0000401 | Train Loss: 0.0042550 | Vali Loss: 0.0049409
2024-04-02 22:06:55,281 - Epoch 44: Lr: 0.0000401 | Train Loss: 0.0042662 | Vali Loss: 0.0048872
2024-04-02 22:08:03,597 - Epoch 45: Lr: 0.0000401 | Train Loss: 0.0042563 | Vali Loss: 0.0049409
2024-04-02 22:09:10,506 - Epoch 46: Lr: 0.0000401 | Train Loss: 0.0042438 | Vali Loss: 0.0049394
2024-04-02 22:10:17,520 - Epoch 47: Lr: 0.0000401 | Train Loss: 0.0042750 | Vali Loss: 0.0049922
2024-04-02 22:11:24,358 - Epoch 48: Lr: 0.0000401 | Train Loss: 0.0043275 | Vali Loss: 0.0049862
2024-04-02 22:12:31,193 - Epoch 49: Lr: 0.0000401 | Train Loss: 0.0042903 | Vali Loss: 0.0050090
2024-04-02 22:12:39,238 - mse:108.39079284667969, mae:815.2019653320312
