2024-03-17 22:56:17,620 - Environment info:
------------------------------------------------------------
sys.platform: win32
Python: 3.10.8 | packaged by conda-forge | (main, Nov 22 2022, 08:16:33) [MSC v.1929 64 bit (AMD64)]
CUDA available: True
CUDA_HOME: C:\Program Files\NVIDIA GPU Computing Toolkit\CUDA\v12.3
NVCC: Not Available
GPU 0: NVIDIA GeForce RTX 4080
GCC: <built-in method strip of str object at 0x00000180D7F7E730>
PyTorch: 2.1.0
PyTorch compiling details: PyTorch built with:
  - C++ Version: 199711
  - MSVC 192930151
  - Intel(R) Math Kernel Library Version 2020.0.2 Product Build 20200624 for Intel(R) 64 architecture applications
  - Intel(R) MKL-DNN v3.1.1 (Git Hash 64f6bcbcbab628e96f33a62c3e975f8535a7bde4)
  - OpenMP 2019
  - LAPACK is enabled (usually provided by MKL)
  - CPU capability usage: AVX512
  - CUDA Runtime 12.1
  - NVCC architecture flags: -gencode;arch=compute_50,code=sm_50;-gencode;arch=compute_60,code=sm_60;-gencode;arch=compute_61,code=sm_61;-gencode;arch=compute_70,code=sm_70;-gencode;arch=compute_75,code=sm_75;-gencode;arch=compute_80,code=sm_80;-gencode;arch=compute_86,code=sm_86;-gencode;arch=compute_90,code=sm_90
  - CuDNN 8.8.1  (built against CUDA 12.0)
  - Magma 2.5.4
  - Build settings: BLAS_INFO=mkl, BUILD_TYPE=Release, CUDA_VERSION=12.1, CUDNN_VERSION=8.8.1, CXX_COMPILER=C:/cb/pytorch_1000000000000/work/tmp_bin/sccache-cl.exe, CXX_FLAGS=/DWIN32 /D_WINDOWS /GR /EHsc /bigobj /FS -DUSE_PTHREADPOOL -DNDEBUG -DUSE_KINETO -DLIBKINETO_NOCUPTI -DLIBKINETO_NOROCTRACER -DUSE_FBGEMM -DUSE_XNNPACK -DSYMBOLICATE_MOBILE_DEBUG_HANDLE /utf-8 /wd4624 /wd4068 /wd4067 /wd4267 /wd4661 /wd4717 /wd4244 /wd4804 /wd4273, LAPACK_INFO=mkl, PERF_WITH_AVX=1, PERF_WITH_AVX2=1, PERF_WITH_AVX512=1, TORCH_DISABLE_GPU_ASSERTS=OFF, TORCH_VERSION=2.1.0, USE_CUDA=ON, USE_CUDNN=ON, USE_EXCEPTION_PTR=1, USE_GFLAGS=OFF, USE_GLOG=OFF, USE_MKL=ON, USE_MKLDNN=ON, USE_MPI=OFF, USE_NCCL=OFF, USE_NNPACK=OFF, USE_OPENMP=ON, USE_ROCM=OFF, 

TorchVision: 0.16.0
OpenCV: 4.8.1
openstl: 1.0.0
------------------------------------------------------------

2024-03-17 22:56:17,621 - 
device: 	cuda	
dist: 	False	
res_dir: 	work_dirs	
ex_name: 	custom_exp	
fp16: 	False	
torchscript: 	False	
seed: 	42	
fps: 	False	
test: 	False	
deterministic: 	False	
batch_size: 	4	
val_batch_size: 	1	
num_workers: 	8	
data_root: 	./data	
dataname: 	custom	
pre_seq_length: 	12	
aft_seq_length: 	12	
total_length: 	24	
use_augment: 	False	
use_prefetcher: 	False	
drop_last: 	False	
method: 	simvp	
config_file: 	None	
model_type: 	swin	
drop: 	0.1	
drop_path: 	0.1	
overwrite: 	False	
loss: 	msce	
epoch: 	50	
log_step: 	1	
opt: 	adam	
opt_eps: 	None	
opt_betas: 	None	
momentum: 	0.9	
weight_decay: 	0.0	
clip_grad: 	None	
clip_mode: 	norm	
no_display_method_info: 	False	
sched: 	onecycle	
lr: 	0.001	
lr_k_decay: 	1.0	
warmup_lr: 	1e-06	
min_lr: 	1e-06	
final_div_factor: 	10000.0	
warmup_epoch: 	5	
decay_epoch: 	100	
decay_rate: 	0.1	
filter_bias_and_bn: 	False	
gpus: 	[0]	
metric_for_bestckpt: 	val_loss	
metrics: 	['mae', 'mse']	
in_shape: 	[12, 1, 144, 144]	
N_S: 	4	
N_T: 	8	
hid_S: 	64	
hid_T: 	512	
spatio_kernel_enc: 	3	
spatio_kernel_dec: 	3	
model_num: 	1	
2024-03-17 22:56:17,621 - Model info:
SimVP_Model(
  (enc): Encoder(
    (enc): Sequential(
      (0): ConvSC(
        (conv): BasicConv2d(
          (conv): Conv2d(1, 64, kernel_size=(3, 3), stride=(1, 1), padding=(1, 1))
          (norm): GroupNorm(2, 64, eps=1e-05, affine=True)
          (act): SiLU()
        )
      )
      (1): ConvSC(
        (conv): BasicConv2d(
          (conv): Conv2d(64, 64, kernel_size=(3, 3), stride=(2, 2), padding=(1, 1))
          (norm): GroupNorm(2, 64, eps=1e-05, affine=True)
          (act): SiLU()
        )
      )
      (2): ConvSC(
        (conv): BasicConv2d(
          (conv): Conv2d(64, 64, kernel_size=(3, 3), stride=(1, 1), padding=(1, 1))
          (norm): GroupNorm(2, 64, eps=1e-05, affine=True)
          (act): SiLU()
        )
      )
      (3): ConvSC(
        (conv): BasicConv2d(
          (conv): Conv2d(64, 64, kernel_size=(3, 3), stride=(2, 2), padding=(1, 1))
          (norm): GroupNorm(2, 64, eps=1e-05, affine=True)
          (act): SiLU()
        )
      )
    )
  )
  (dec): Decoder(
    (dec): Sequential(
      (0): ConvSC(
        (conv): BasicConv2d(
          (conv): Sequential(
            (0): Conv2d(64, 256, kernel_size=(3, 3), stride=(1, 1), padding=(1, 1))
            (1): PixelShuffle(upscale_factor=2)
          )
          (norm): GroupNorm(2, 64, eps=1e-05, affine=True)
          (act): SiLU()
        )
      )
      (1): ConvSC(
        (conv): BasicConv2d(
          (conv): Conv2d(64, 64, kernel_size=(3, 3), stride=(1, 1), padding=(1, 1))
          (norm): GroupNorm(2, 64, eps=1e-05, affine=True)
          (act): SiLU()
        )
      )
      (2): ConvSC(
        (conv): BasicConv2d(
          (conv): Sequential(
            (0): Conv2d(64, 256, kernel_size=(3, 3), stride=(1, 1), padding=(1, 1))
            (1): PixelShuffle(upscale_factor=2)
          )
          (norm): GroupNorm(2, 64, eps=1e-05, affine=True)
          (act): SiLU()
        )
      )
      (3): ConvSC(
        (conv): BasicConv2d(
          (conv): Conv2d(64, 64, kernel_size=(3, 3), stride=(1, 1), padding=(1, 1))
          (norm): GroupNorm(2, 64, eps=1e-05, affine=True)
          (act): SiLU()
        )
      )
    )
    (readout): Conv2d(64, 1, kernel_size=(1, 1), stride=(1, 1))
  )
  (hid): MidMetaNet(
    (enc): Sequential(
      (0): MetaBlock(
        (block): SwinSubBlock(
          (norm1): LayerNorm((768,), eps=1e-05, elementwise_affine=True)
          (attn): WindowAttention(
            (qkv): Linear(in_features=768, out_features=2304, bias=True)
            (attn_drop): Dropout(p=0.0, inplace=False)
            (proj): Linear(in_features=768, out_features=768, bias=True)
            (proj_drop): Dropout(p=0.1, inplace=False)
            (softmax): Softmax(dim=-1)
          )
          (drop_path): DropPath(drop_prob=0.010)
          (norm2): LayerNorm((768,), eps=1e-05, elementwise_affine=True)
          (mlp): Mlp(
            (fc1): Linear(in_features=768, out_features=6144, bias=True)
            (act): GELU(approximate='none')
            (drop1): Dropout(p=0.1, inplace=False)
            (fc2): Linear(in_features=6144, out_features=768, bias=True)
            (drop2): Dropout(p=0.1, inplace=False)
          )
        )
        (reduction): Conv2d(768, 512, kernel_size=(1, 1), stride=(1, 1))
      )
      (1): MetaBlock(
        (block): SwinSubBlock(
          (norm1): LayerNorm((512,), eps=1e-05, elementwise_affine=True)
          (attn): WindowAttention(
            (qkv): Linear(in_features=512, out_features=1536, bias=True)
            (attn_drop): Dropout(p=0.0, inplace=False)
            (proj): Linear(in_features=512, out_features=512, bias=True)
            (proj_drop): Dropout(p=0.1, inplace=False)
            (softmax): Softmax(dim=-1)
          )
          (drop_path): DropPath(drop_prob=0.023)
          (norm2): LayerNorm((512,), eps=1e-05, elementwise_affine=True)
          (mlp): Mlp(
            (fc1): Linear(in_features=512, out_features=4096, bias=True)
            (act): GELU(approximate='none')
            (drop1): Dropout(p=0.1, inplace=False)
            (fc2): Linear(in_features=4096, out_features=512, bias=True)
            (drop2): Dropout(p=0.1, inplace=False)
          )
        )
      )
      (2): MetaBlock(
        (block): SwinSubBlock(
          (norm1): LayerNorm((512,), eps=1e-05, elementwise_affine=True)
          (attn): WindowAttention(
            (qkv): Linear(in_features=512, out_features=1536, bias=True)
            (attn_drop): Dropout(p=0.0, inplace=False)
            (proj): Linear(in_features=512, out_features=512, bias=True)
            (proj_drop): Dropout(p=0.1, inplace=False)
            (softmax): Softmax(dim=-1)
          )
          (drop_path): DropPath(drop_prob=0.036)
          (norm2): LayerNorm((512,), eps=1e-05, elementwise_affine=True)
          (mlp): Mlp(
            (fc1): Linear(in_features=512, out_features=4096, bias=True)
            (act): GELU(approximate='none')
            (drop1): Dropout(p=0.1, inplace=False)
            (fc2): Linear(in_features=4096, out_features=512, bias=True)
            (drop2): Dropout(p=0.1, inplace=False)
          )
        )
      )
      (3): MetaBlock(
        (block): SwinSubBlock(
          (norm1): LayerNorm((512,), eps=1e-05, elementwise_affine=True)
          (attn): WindowAttention(
            (qkv): Linear(in_features=512, out_features=1536, bias=True)
            (attn_drop): Dropout(p=0.0, inplace=False)
            (proj): Linear(in_features=512, out_features=512, bias=True)
            (proj_drop): Dropout(p=0.1, inplace=False)
            (softmax): Softmax(dim=-1)
          )
          (drop_path): DropPath(drop_prob=0.049)
          (norm2): LayerNorm((512,), eps=1e-05, elementwise_affine=True)
          (mlp): Mlp(
            (fc1): Linear(in_features=512, out_features=4096, bias=True)
            (act): GELU(approximate='none')
            (drop1): Dropout(p=0.1, inplace=False)
            (fc2): Linear(in_features=4096, out_features=512, bias=True)
            (drop2): Dropout(p=0.1, inplace=False)
          )
        )
      )
      (4): MetaBlock(
        (block): SwinSubBlock(
          (norm1): LayerNorm((512,), eps=1e-05, elementwise_affine=True)
          (attn): WindowAttention(
            (qkv): Linear(in_features=512, out_features=1536, bias=True)
            (attn_drop): Dropout(p=0.0, inplace=False)
            (proj): Linear(in_features=512, out_features=512, bias=True)
            (proj_drop): Dropout(p=0.1, inplace=False)
            (softmax): Softmax(dim=-1)
          )
          (drop_path): DropPath(drop_prob=0.061)
          (norm2): LayerNorm((512,), eps=1e-05, elementwise_affine=True)
          (mlp): Mlp(
            (fc1): Linear(in_features=512, out_features=4096, bias=True)
            (act): GELU(approximate='none')
            (drop1): Dropout(p=0.1, inplace=False)
            (fc2): Linear(in_features=4096, out_features=512, bias=True)
            (drop2): Dropout(p=0.1, inplace=False)
          )
        )
      )
      (5): MetaBlock(
        (block): SwinSubBlock(
          (norm1): LayerNorm((512,), eps=1e-05, elementwise_affine=True)
          (attn): WindowAttention(
            (qkv): Linear(in_features=512, out_features=1536, bias=True)
            (attn_drop): Dropout(p=0.0, inplace=False)
            (proj): Linear(in_features=512, out_features=512, bias=True)
            (proj_drop): Dropout(p=0.1, inplace=False)
            (softmax): Softmax(dim=-1)
          )
          (drop_path): DropPath(drop_prob=0.074)
          (norm2): LayerNorm((512,), eps=1e-05, elementwise_affine=True)
          (mlp): Mlp(
            (fc1): Linear(in_features=512, out_features=4096, bias=True)
            (act): GELU(approximate='none')
            (drop1): Dropout(p=0.1, inplace=False)
            (fc2): Linear(in_features=4096, out_features=512, bias=True)
            (drop2): Dropout(p=0.1, inplace=False)
          )
        )
      )
      (6): MetaBlock(
        (block): SwinSubBlock(
          (norm1): LayerNorm((512,), eps=1e-05, elementwise_affine=True)
          (attn): WindowAttention(
            (qkv): Linear(in_features=512, out_features=1536, bias=True)
            (attn_drop): Dropout(p=0.0, inplace=False)
            (proj): Linear(in_features=512, out_features=512, bias=True)
            (proj_drop): Dropout(p=0.1, inplace=False)
            (softmax): Softmax(dim=-1)
          )
          (drop_path): DropPath(drop_prob=0.087)
          (norm2): LayerNorm((512,), eps=1e-05, elementwise_affine=True)
          (mlp): Mlp(
            (fc1): Linear(in_features=512, out_features=4096, bias=True)
            (act): GELU(approximate='none')
            (drop1): Dropout(p=0.1, inplace=False)
            (fc2): Linear(in_features=4096, out_features=512, bias=True)
            (drop2): Dropout(p=0.1, inplace=False)
          )
        )
      )
      (7): MetaBlock(
        (block): SwinSubBlock(
          (norm1): LayerNorm((512,), eps=1e-05, elementwise_affine=True)
          (attn): WindowAttention(
            (qkv): Linear(in_features=512, out_features=1536, bias=True)
            (attn_drop): Dropout(p=0.0, inplace=False)
            (proj): Linear(in_features=512, out_features=512, bias=True)
            (proj_drop): Dropout(p=0.1, inplace=False)
            (softmax): Softmax(dim=-1)
          )
          (drop_path): DropPath(drop_prob=0.100)
          (norm2): LayerNorm((512,), eps=1e-05, elementwise_affine=True)
          (mlp): Mlp(
            (fc1): Linear(in_features=512, out_features=4096, bias=True)
            (act): GELU(approximate='none')
            (drop1): Dropout(p=0.1, inplace=False)
            (fc2): Linear(in_features=4096, out_features=512, bias=True)
            (drop2): Dropout(p=0.1, inplace=False)
          )
        )
        (reduction): Conv2d(512, 768, kernel_size=(1, 1), stride=(1, 1))
      )
    )
  )
)
| module                   | #parameters or shape   | #flops     |
|:-------------------------|:-----------------------|:-----------|
| model                    | 49.843M                | 92.683G    |
|  enc.enc                 |  0.112M                |  5.428G    |
|   enc.enc.0.conv         |   0.768K               |   0.223G   |
|    enc.enc.0.conv.conv   |    0.64K               |    0.143G  |
|    enc.enc.0.conv.norm   |    0.128K              |    79.626M |
|   enc.enc.1.conv         |   37.056K              |   2.313G   |
|    enc.enc.1.conv.conv   |    36.928K             |    2.293G  |
|    enc.enc.1.conv.norm   |    0.128K              |    19.907M |
|   enc.enc.2.conv         |   37.056K              |   2.313G   |
|    enc.enc.2.conv.conv   |    36.928K             |    2.293G  |
|    enc.enc.2.conv.norm   |    0.128K              |    19.907M |
|   enc.enc.3.conv         |   37.056K              |   0.578G   |
|    enc.enc.3.conv.conv   |    36.928K             |    0.573G  |
|    enc.enc.3.conv.norm   |    0.128K              |    4.977M  |
|  dec                     |  0.37M                 |  23.147G   |
|   dec.dec                |   0.37M                |   23.131G  |
|    dec.dec.0.conv        |    0.148M              |    2.313G  |
|    dec.dec.1.conv        |    37.056K             |    2.313G  |
|    dec.dec.2.conv        |    0.148M              |    9.253G  |
|    dec.dec.3.conv        |    37.056K             |    9.253G  |
|   dec.readout            |   65                   |   15.925M  |
|    dec.readout.weight    |    (1, 64, 1, 1)       |            |
|    dec.readout.bias      |    (1,)                |            |
|  hid.enc                 |  49.361M               |  64.108G   |
|   hid.enc.0              |   12.204M              |   15.84G   |
|    hid.enc.0.block       |    11.81M              |    15.33G  |
|    hid.enc.0.reduction   |    0.394M              |    0.51G   |
|   hid.enc.1.block        |   5.252M               |   6.823G   |
|    hid.enc.1.block.norm1 |    1.024K              |    3.318M  |
|    hid.enc.1.block.attn  |    1.051M              |    1.38G   |
|    hid.enc.1.block.norm2 |    1.024K              |    3.318M  |
|    hid.enc.1.block.mlp   |    4.199M              |    5.436G  |
|   hid.enc.2.block        |   5.252M               |   6.823G   |
|    hid.enc.2.block.norm1 |    1.024K              |    3.318M  |
|    hid.enc.2.block.attn  |    1.051M              |    1.38G   |
|    hid.enc.2.block.norm2 |    1.024K              |    3.318M  |
|    hid.enc.2.block.mlp   |    4.199M              |    5.436G  |
|   hid.enc.3.block        |   5.252M               |   6.823G   |
|    hid.enc.3.block.norm1 |    1.024K              |    3.318M  |
|    hid.enc.3.block.attn  |    1.051M              |    1.38G   |
|    hid.enc.3.block.norm2 |    1.024K              |    3.318M  |
|    hid.enc.3.block.mlp   |    4.199M              |    5.436G  |
|   hid.enc.4.block        |   5.252M               |   6.823G   |
|    hid.enc.4.block.norm1 |    1.024K              |    3.318M  |
|    hid.enc.4.block.attn  |    1.051M              |    1.38G   |
|    hid.enc.4.block.norm2 |    1.024K              |    3.318M  |
|    hid.enc.4.block.mlp   |    4.199M              |    5.436G  |
|   hid.enc.5.block        |   5.252M               |   6.823G   |
|    hid.enc.5.block.norm1 |    1.024K              |    3.318M  |
|    hid.enc.5.block.attn  |    1.051M              |    1.38G   |
|    hid.enc.5.block.norm2 |    1.024K              |    3.318M  |
|    hid.enc.5.block.mlp   |    4.199M              |    5.436G  |
|   hid.enc.6.block        |   5.252M               |   6.823G   |
|    hid.enc.6.block.norm1 |    1.024K              |    3.318M  |
|    hid.enc.6.block.attn  |    1.051M              |    1.38G   |
|    hid.enc.6.block.norm2 |    1.024K              |    3.318M  |
|    hid.enc.6.block.mlp   |    4.199M              |    5.436G  |
|   hid.enc.7              |   5.646M               |   7.332G   |
|    hid.enc.7.block       |    5.252M              |    6.823G  |
|    hid.enc.7.reduction   |    0.394M              |    0.51G   |
--------------------------------------------------------------------------------

2024-03-17 23:00:36,439 - Epoch 1: Lr: 0.0000400 | Train Loss: 0.0271088 | Vali Loss: 0.0196919
2024-03-17 23:02:36,370 - Epoch 2: Lr: 0.0000400 | Train Loss: 0.0188571 | Vali Loss: 0.0191100
2024-03-17 23:04:35,829 - Epoch 3: Lr: 0.0000400 | Train Loss: 0.0177437 | Vali Loss: 0.0193645
2024-03-17 23:06:33,242 - Epoch 4: Lr: 0.0000400 | Train Loss: 0.0173351 | Vali Loss: 0.0187766
2024-03-17 23:08:31,531 - Epoch 5: Lr: 0.0000400 | Train Loss: 0.0172189 | Vali Loss: 0.0185354
2024-03-17 23:10:29,858 - Epoch 6: Lr: 0.0000400 | Train Loss: 0.0170601 | Vali Loss: 0.0184419
2024-03-17 23:12:27,599 - Epoch 7: Lr: 0.0000400 | Train Loss: 0.0169839 | Vali Loss: 0.0183742
2024-03-17 23:14:25,617 - Epoch 8: Lr: 0.0000400 | Train Loss: 0.0168664 | Vali Loss: 0.0183440
2024-03-17 23:16:23,389 - Epoch 9: Lr: 0.0000400 | Train Loss: 0.0168001 | Vali Loss: 0.0182034
2024-03-17 23:18:21,067 - Epoch 10: Lr: 0.0000400 | Train Loss: 0.0168101 | Vali Loss: 0.0183378
2024-03-17 23:20:16,792 - Epoch 11: Lr: 0.0000400 | Train Loss: 0.0167713 | Vali Loss: 0.0184486
2024-03-17 23:22:12,596 - Epoch 12: Lr: 0.0000400 | Train Loss: 0.0166655 | Vali Loss: 0.0181807
2024-03-17 23:24:09,623 - Epoch 13: Lr: 0.0000400 | Train Loss: 0.0166497 | Vali Loss: 0.0183084
2024-03-17 23:26:05,249 - Epoch 14: Lr: 0.0000400 | Train Loss: 0.0165904 | Vali Loss: 0.0183136
2024-03-17 23:28:02,198 - Epoch 15: Lr: 0.0000400 | Train Loss: 0.0165735 | Vali Loss: 0.0185616
2024-03-17 23:29:57,788 - Epoch 16: Lr: 0.0000400 | Train Loss: 0.0165202 | Vali Loss: 0.0183459
2024-03-17 23:31:53,000 - Epoch 17: Lr: 0.0000400 | Train Loss: 0.0164930 | Vali Loss: 0.0190631
2024-03-17 23:33:47,641 - Epoch 18: Lr: 0.0000400 | Train Loss: 0.0164490 | Vali Loss: 0.0182860
2024-03-17 23:35:42,947 - Epoch 19: Lr: 0.0000400 | Train Loss: 0.0164024 | Vali Loss: 0.0184411
2024-03-17 23:37:38,556 - Epoch 20: Lr: 0.0000400 | Train Loss: 0.0163619 | Vali Loss: 0.0183597
2024-03-17 23:39:33,433 - Epoch 21: Lr: 0.0000400 | Train Loss: 0.0163372 | Vali Loss: 0.0181890
2024-03-17 23:41:28,570 - Epoch 22: Lr: 0.0000400 | Train Loss: 0.0163125 | Vali Loss: 0.0182072
2024-03-17 23:43:23,224 - Epoch 23: Lr: 0.0000400 | Train Loss: 0.0162407 | Vali Loss: 0.0184202
2024-03-17 23:45:17,906 - Epoch 24: Lr: 0.0000400 | Train Loss: 0.0162346 | Vali Loss: 0.0183066
2024-03-17 23:47:12,164 - Epoch 25: Lr: 0.0000400 | Train Loss: 0.0161732 | Vali Loss: 0.0184044
2024-03-17 23:49:06,925 - Epoch 26: Lr: 0.0000400 | Train Loss: 0.0161638 | Vali Loss: 0.0184983
2024-03-17 23:51:01,195 - Epoch 27: Lr: 0.0000400 | Train Loss: 0.0161192 | Vali Loss: 0.0184494
2024-03-17 23:52:56,533 - Epoch 28: Lr: 0.0000400 | Train Loss: 0.0160572 | Vali Loss: 0.0183556
2024-03-17 23:54:51,055 - Epoch 29: Lr: 0.0000400 | Train Loss: 0.0160378 | Vali Loss: 0.0184827
2024-03-17 23:56:45,295 - Epoch 30: Lr: 0.0000401 | Train Loss: 0.0159802 | Vali Loss: 0.0184689
2024-03-17 23:58:40,158 - Epoch 31: Lr: 0.0000401 | Train Loss: 0.0159463 | Vali Loss: 0.0183041
2024-03-18 00:00:34,611 - Epoch 32: Lr: 0.0000401 | Train Loss: 0.0159211 | Vali Loss: 0.0183858
2024-03-18 00:02:28,646 - Epoch 33: Lr: 0.0000401 | Train Loss: 0.0158755 | Vali Loss: 0.0184020
2024-03-18 00:04:22,799 - Epoch 34: Lr: 0.0000401 | Train Loss: 0.0158461 | Vali Loss: 0.0186398
2024-03-18 00:06:16,653 - Epoch 35: Lr: 0.0000401 | Train Loss: 0.0158365 | Vali Loss: 0.0186757
2024-03-18 00:08:10,986 - Epoch 36: Lr: 0.0000401 | Train Loss: 0.0157657 | Vali Loss: 0.0185969
2024-03-18 00:10:04,982 - Epoch 37: Lr: 0.0000401 | Train Loss: 0.0157471 | Vali Loss: 0.0185293
2024-03-18 00:11:59,118 - Epoch 38: Lr: 0.0000401 | Train Loss: 0.0157315 | Vali Loss: 0.0184754
2024-03-18 00:13:52,751 - Epoch 39: Lr: 0.0000401 | Train Loss: 0.0156873 | Vali Loss: 0.0183606
2024-03-18 00:15:46,206 - Epoch 40: Lr: 0.0000401 | Train Loss: 0.0156751 | Vali Loss: 0.0183697
2024-03-18 00:17:40,619 - Epoch 41: Lr: 0.0000401 | Train Loss: 0.0156608 | Vali Loss: 0.0186837
2024-03-18 00:19:34,138 - Epoch 42: Lr: 0.0000401 | Train Loss: 0.0156489 | Vali Loss: 0.0184538
2024-03-18 00:21:27,910 - Epoch 43: Lr: 0.0000401 | Train Loss: 0.0155926 | Vali Loss: 0.0185953
2024-03-18 00:23:21,216 - Epoch 44: Lr: 0.0000401 | Train Loss: 0.0155816 | Vali Loss: 0.0186908
2024-03-18 00:25:15,251 - Epoch 45: Lr: 0.0000401 | Train Loss: 0.0155326 | Vali Loss: 0.0185064
2024-03-18 00:27:08,746 - Epoch 46: Lr: 0.0000401 | Train Loss: 0.0155673 | Vali Loss: 0.0187288
2024-03-18 00:29:02,081 - Epoch 47: Lr: 0.0000401 | Train Loss: 0.0155153 | Vali Loss: 0.0184715
2024-03-18 00:30:54,887 - Epoch 48: Lr: 0.0000401 | Train Loss: 0.0155151 | Vali Loss: 0.0186328
2024-03-18 00:32:48,233 - Epoch 49: Lr: 0.0000401 | Train Loss: 0.0154652 | Vali Loss: 0.0185917
2024-03-18 00:32:56,770 - mse:89.68386840820312, mae:690.1179809570312
