2024-04-02 22:24:43,290 - Environment info:
------------------------------------------------------------
sys.platform: win32
Python: 3.10.8 | packaged by conda-forge | (main, Nov 22 2022, 08:16:33) [MSC v.1929 64 bit (AMD64)]
CUDA available: True
CUDA_HOME: C:\Program Files\NVIDIA GPU Computing Toolkit\CUDA\v12.3
NVCC: Not Available
GPU 0: NVIDIA GeForce RTX 4080
GCC: <built-in method strip of str object at 0x00000209689A6610>
PyTorch: 2.1.0
PyTorch compiling details: PyTorch built with:
  - C++ Version: 199711
  - MSVC 192930151
  - Intel(R) Math Kernel Library Version 2020.0.2 Product Build 20200624 for Intel(R) 64 architecture applications
  - Intel(R) MKL-DNN v3.1.1 (Git Hash 64f6bcbcbab628e96f33a62c3e975f8535a7bde4)
  - OpenMP 2019
  - LAPACK is enabled (usually provided by MKL)
  - CPU capability usage: AVX512
  - CUDA Runtime 12.1
  - NVCC architecture flags: -gencode;arch=compute_50,code=sm_50;-gencode;arch=compute_60,code=sm_60;-gencode;arch=compute_61,code=sm_61;-gencode;arch=compute_70,code=sm_70;-gencode;arch=compute_75,code=sm_75;-gencode;arch=compute_80,code=sm_80;-gencode;arch=compute_86,code=sm_86;-gencode;arch=compute_90,code=sm_90
  - CuDNN 8.8.1  (built against CUDA 12.0)
  - Magma 2.5.4
  - Build settings: BLAS_INFO=mkl, BUILD_TYPE=Release, CUDA_VERSION=12.1, CUDNN_VERSION=8.8.1, CXX_COMPILER=C:/cb/pytorch_1000000000000/work/tmp_bin/sccache-cl.exe, CXX_FLAGS=/DWIN32 /D_WINDOWS /GR /EHsc /bigobj /FS -DUSE_PTHREADPOOL -DNDEBUG -DUSE_KINETO -DLIBKINETO_NOCUPTI -DLIBKINETO_NOROCTRACER -DUSE_FBGEMM -DUSE_XNNPACK -DSYMBOLICATE_MOBILE_DEBUG_HANDLE /utf-8 /wd4624 /wd4068 /wd4067 /wd4267 /wd4661 /wd4717 /wd4244 /wd4804 /wd4273, LAPACK_INFO=mkl, PERF_WITH_AVX=1, PERF_WITH_AVX2=1, PERF_WITH_AVX512=1, TORCH_DISABLE_GPU_ASSERTS=OFF, TORCH_VERSION=2.1.0, USE_CUDA=ON, USE_CUDNN=ON, USE_EXCEPTION_PTR=1, USE_GFLAGS=OFF, USE_GLOG=OFF, USE_MKL=ON, USE_MKLDNN=ON, USE_MPI=OFF, USE_NCCL=OFF, USE_NNPACK=OFF, USE_OPENMP=ON, USE_ROCM=OFF, 

TorchVision: 0.16.0
OpenCV: 4.8.1
openstl: 1.0.0
------------------------------------------------------------

2024-04-02 22:24:43,290 - 
device: 	cuda	
dist: 	False	
res_dir: 	work_dirs	
ex_name: 	custom_exp	
fp16: 	False	
torchscript: 	False	
seed: 	42	
fps: 	False	
test: 	False	
deterministic: 	False	
batch_size: 	4	
val_batch_size: 	1	
num_workers: 	8	
data_root: 	./data	
dataname: 	custom	
pre_seq_length: 	12	
aft_seq_length: 	12	
total_length: 	24	
use_augment: 	False	
use_prefetcher: 	False	
drop_last: 	False	
method: 	simvp	
config_file: 	None	
model_type: 	swin	
drop: 	0.3	
drop_path: 	0.3	
overwrite: 	False	
loss: 	mse	
epoch: 	50	
log_step: 	1	
opt: 	adam	
opt_eps: 	None	
opt_betas: 	None	
momentum: 	0.9	
weight_decay: 	0.0	
clip_grad: 	None	
clip_mode: 	norm	
no_display_method_info: 	False	
sched: 	onecycle	
lr: 	0.001	
lr_k_decay: 	1.0	
warmup_lr: 	1e-06	
min_lr: 	1e-06	
final_div_factor: 	10000.0	
warmup_epoch: 	5	
decay_epoch: 	100	
decay_rate: 	0.1	
filter_bias_and_bn: 	False	
gpus: 	[0]	
metric_for_bestckpt: 	val_loss	
metrics: 	['mae', 'mse']	
in_shape: 	[12, 1, 144, 144]	
N_S: 	4	
N_T: 	8	
hid_S: 	64	
hid_T: 	512	
spatio_kernel_enc: 	3	
spatio_kernel_dec: 	3	
model_num: 	9	
2024-04-02 22:24:43,290 - Model info:
SimVP_Model(
  (enc): Encoder(
    (enc): Sequential(
      (0): ConvSC(
        (conv): BasicConv2d(
          (conv): Conv2d(1, 64, kernel_size=(3, 3), stride=(1, 1), padding=(1, 1))
          (norm): GroupNorm(2, 64, eps=1e-05, affine=True)
          (act): SiLU()
        )
      )
      (1): ConvSC(
        (conv): BasicConv2d(
          (conv): Conv2d(64, 64, kernel_size=(3, 3), stride=(2, 2), padding=(1, 1))
          (norm): GroupNorm(2, 64, eps=1e-05, affine=True)
          (act): SiLU()
        )
      )
      (2): ConvSC(
        (conv): BasicConv2d(
          (conv): Conv2d(64, 64, kernel_size=(3, 3), stride=(1, 1), padding=(1, 1))
          (norm): GroupNorm(2, 64, eps=1e-05, affine=True)
          (act): SiLU()
        )
      )
      (3): ConvSC(
        (conv): BasicConv2d(
          (conv): Conv2d(64, 64, kernel_size=(3, 3), stride=(2, 2), padding=(1, 1))
          (norm): GroupNorm(2, 64, eps=1e-05, affine=True)
          (act): SiLU()
        )
      )
    )
  )
  (dec): Decoder(
    (dec): Sequential(
      (0): ConvSC(
        (conv): BasicConv2d(
          (conv): Sequential(
            (0): Conv2d(64, 256, kernel_size=(3, 3), stride=(1, 1), padding=(1, 1))
            (1): PixelShuffle(upscale_factor=2)
          )
          (norm): GroupNorm(2, 64, eps=1e-05, affine=True)
          (act): SiLU()
        )
      )
      (1): ConvSC(
        (conv): BasicConv2d(
          (conv): Conv2d(64, 64, kernel_size=(3, 3), stride=(1, 1), padding=(1, 1))
          (norm): GroupNorm(2, 64, eps=1e-05, affine=True)
          (act): SiLU()
        )
      )
      (2): ConvSC(
        (conv): BasicConv2d(
          (conv): Sequential(
            (0): Conv2d(64, 256, kernel_size=(3, 3), stride=(1, 1), padding=(1, 1))
            (1): PixelShuffle(upscale_factor=2)
          )
          (norm): GroupNorm(2, 64, eps=1e-05, affine=True)
          (act): SiLU()
        )
      )
      (3): ConvSC(
        (conv): BasicConv2d(
          (conv): Conv2d(64, 64, kernel_size=(3, 3), stride=(1, 1), padding=(1, 1))
          (norm): GroupNorm(2, 64, eps=1e-05, affine=True)
          (act): SiLU()
        )
      )
    )
    (readout): Conv2d(64, 1, kernel_size=(1, 1), stride=(1, 1))
  )
  (hid): MidMetaNet(
    (enc): Sequential(
      (0): MetaBlock(
        (block): SwinSubBlock(
          (norm1): LayerNorm((768,), eps=1e-05, elementwise_affine=True)
          (attn): WindowAttention(
            (qkv): Linear(in_features=768, out_features=2304, bias=True)
            (attn_drop): Dropout(p=0.0, inplace=False)
            (proj): Linear(in_features=768, out_features=768, bias=True)
            (proj_drop): Dropout(p=0.3, inplace=False)
            (softmax): Softmax(dim=-1)
          )
          (drop_path): DropPath(drop_prob=0.010)
          (norm2): LayerNorm((768,), eps=1e-05, elementwise_affine=True)
          (mlp): Mlp(
            (fc1): Linear(in_features=768, out_features=6144, bias=True)
            (act): GELU(approximate='none')
            (drop1): Dropout(p=0.3, inplace=False)
            (fc2): Linear(in_features=6144, out_features=768, bias=True)
            (drop2): Dropout(p=0.3, inplace=False)
          )
        )
        (reduction): Conv2d(768, 512, kernel_size=(1, 1), stride=(1, 1))
      )
      (1): MetaBlock(
        (block): SwinSubBlock(
          (norm1): LayerNorm((512,), eps=1e-05, elementwise_affine=True)
          (attn): WindowAttention(
            (qkv): Linear(in_features=512, out_features=1536, bias=True)
            (attn_drop): Dropout(p=0.0, inplace=False)
            (proj): Linear(in_features=512, out_features=512, bias=True)
            (proj_drop): Dropout(p=0.3, inplace=False)
            (softmax): Softmax(dim=-1)
          )
          (drop_path): DropPath(drop_prob=0.051)
          (norm2): LayerNorm((512,), eps=1e-05, elementwise_affine=True)
          (mlp): Mlp(
            (fc1): Linear(in_features=512, out_features=4096, bias=True)
            (act): GELU(approximate='none')
            (drop1): Dropout(p=0.3, inplace=False)
            (fc2): Linear(in_features=4096, out_features=512, bias=True)
            (drop2): Dropout(p=0.3, inplace=False)
          )
        )
      )
      (2): MetaBlock(
        (block): SwinSubBlock(
          (norm1): LayerNorm((512,), eps=1e-05, elementwise_affine=True)
          (attn): WindowAttention(
            (qkv): Linear(in_features=512, out_features=1536, bias=True)
            (attn_drop): Dropout(p=0.0, inplace=False)
            (proj): Linear(in_features=512, out_features=512, bias=True)
            (proj_drop): Dropout(p=0.3, inplace=False)
            (softmax): Softmax(dim=-1)
          )
          (drop_path): DropPath(drop_prob=0.093)
          (norm2): LayerNorm((512,), eps=1e-05, elementwise_affine=True)
          (mlp): Mlp(
            (fc1): Linear(in_features=512, out_features=4096, bias=True)
            (act): GELU(approximate='none')
            (drop1): Dropout(p=0.3, inplace=False)
            (fc2): Linear(in_features=4096, out_features=512, bias=True)
            (drop2): Dropout(p=0.3, inplace=False)
          )
        )
      )
      (3): MetaBlock(
        (block): SwinSubBlock(
          (norm1): LayerNorm((512,), eps=1e-05, elementwise_affine=True)
          (attn): WindowAttention(
            (qkv): Linear(in_features=512, out_features=1536, bias=True)
            (attn_drop): Dropout(p=0.0, inplace=False)
            (proj): Linear(in_features=512, out_features=512, bias=True)
            (proj_drop): Dropout(p=0.3, inplace=False)
            (softmax): Softmax(dim=-1)
          )
          (drop_path): DropPath(drop_prob=0.134)
          (norm2): LayerNorm((512,), eps=1e-05, elementwise_affine=True)
          (mlp): Mlp(
            (fc1): Linear(in_features=512, out_features=4096, bias=True)
            (act): GELU(approximate='none')
            (drop1): Dropout(p=0.3, inplace=False)
            (fc2): Linear(in_features=4096, out_features=512, bias=True)
            (drop2): Dropout(p=0.3, inplace=False)
          )
        )
      )
      (4): MetaBlock(
        (block): SwinSubBlock(
          (norm1): LayerNorm((512,), eps=1e-05, elementwise_affine=True)
          (attn): WindowAttention(
            (qkv): Linear(in_features=512, out_features=1536, bias=True)
            (attn_drop): Dropout(p=0.0, inplace=False)
            (proj): Linear(in_features=512, out_features=512, bias=True)
            (proj_drop): Dropout(p=0.3, inplace=False)
            (softmax): Softmax(dim=-1)
          )
          (drop_path): DropPath(drop_prob=0.176)
          (norm2): LayerNorm((512,), eps=1e-05, elementwise_affine=True)
          (mlp): Mlp(
            (fc1): Linear(in_features=512, out_features=4096, bias=True)
            (act): GELU(approximate='none')
            (drop1): Dropout(p=0.3, inplace=False)
            (fc2): Linear(in_features=4096, out_features=512, bias=True)
            (drop2): Dropout(p=0.3, inplace=False)
          )
        )
      )
      (5): MetaBlock(
        (block): SwinSubBlock(
          (norm1): LayerNorm((512,), eps=1e-05, elementwise_affine=True)
          (attn): WindowAttention(
            (qkv): Linear(in_features=512, out_features=1536, bias=True)
            (attn_drop): Dropout(p=0.0, inplace=False)
            (proj): Linear(in_features=512, out_features=512, bias=True)
            (proj_drop): Dropout(p=0.3, inplace=False)
            (softmax): Softmax(dim=-1)
          )
          (drop_path): DropPath(drop_prob=0.217)
          (norm2): LayerNorm((512,), eps=1e-05, elementwise_affine=True)
          (mlp): Mlp(
            (fc1): Linear(in_features=512, out_features=4096, bias=True)
            (act): GELU(approximate='none')
            (drop1): Dropout(p=0.3, inplace=False)
            (fc2): Linear(in_features=4096, out_features=512, bias=True)
            (drop2): Dropout(p=0.3, inplace=False)
          )
        )
      )
      (6): MetaBlock(
        (block): SwinSubBlock(
          (norm1): LayerNorm((512,), eps=1e-05, elementwise_affine=True)
          (attn): WindowAttention(
            (qkv): Linear(in_features=512, out_features=1536, bias=True)
            (attn_drop): Dropout(p=0.0, inplace=False)
            (proj): Linear(in_features=512, out_features=512, bias=True)
            (proj_drop): Dropout(p=0.3, inplace=False)
            (softmax): Softmax(dim=-1)
          )
          (drop_path): DropPath(drop_prob=0.259)
          (norm2): LayerNorm((512,), eps=1e-05, elementwise_affine=True)
          (mlp): Mlp(
            (fc1): Linear(in_features=512, out_features=4096, bias=True)
            (act): GELU(approximate='none')
            (drop1): Dropout(p=0.3, inplace=False)
            (fc2): Linear(in_features=4096, out_features=512, bias=True)
            (drop2): Dropout(p=0.3, inplace=False)
          )
        )
      )
      (7): MetaBlock(
        (block): SwinSubBlock(
          (norm1): LayerNorm((512,), eps=1e-05, elementwise_affine=True)
          (attn): WindowAttention(
            (qkv): Linear(in_features=512, out_features=1536, bias=True)
            (attn_drop): Dropout(p=0.0, inplace=False)
            (proj): Linear(in_features=512, out_features=512, bias=True)
            (proj_drop): Dropout(p=0.3, inplace=False)
            (softmax): Softmax(dim=-1)
          )
          (drop_path): DropPath(drop_prob=0.300)
          (norm2): LayerNorm((512,), eps=1e-05, elementwise_affine=True)
          (mlp): Mlp(
            (fc1): Linear(in_features=512, out_features=4096, bias=True)
            (act): GELU(approximate='none')
            (drop1): Dropout(p=0.3, inplace=False)
            (fc2): Linear(in_features=4096, out_features=512, bias=True)
            (drop2): Dropout(p=0.3, inplace=False)
          )
        )
        (reduction): Conv2d(512, 768, kernel_size=(1, 1), stride=(1, 1))
      )
    )
  )
)
| module                   | #parameters or shape   | #flops     |
|:-------------------------|:-----------------------|:-----------|
| model                    | 49.843M                | 92.683G    |
|  enc.enc                 |  0.112M                |  5.428G    |
|   enc.enc.0.conv         |   0.768K               |   0.223G   |
|    enc.enc.0.conv.conv   |    0.64K               |    0.143G  |
|    enc.enc.0.conv.norm   |    0.128K              |    79.626M |
|   enc.enc.1.conv         |   37.056K              |   2.313G   |
|    enc.enc.1.conv.conv   |    36.928K             |    2.293G  |
|    enc.enc.1.conv.norm   |    0.128K              |    19.907M |
|   enc.enc.2.conv         |   37.056K              |   2.313G   |
|    enc.enc.2.conv.conv   |    36.928K             |    2.293G  |
|    enc.enc.2.conv.norm   |    0.128K              |    19.907M |
|   enc.enc.3.conv         |   37.056K              |   0.578G   |
|    enc.enc.3.conv.conv   |    36.928K             |    0.573G  |
|    enc.enc.3.conv.norm   |    0.128K              |    4.977M  |
|  dec                     |  0.37M                 |  23.147G   |
|   dec.dec                |   0.37M                |   23.131G  |
|    dec.dec.0.conv        |    0.148M              |    2.313G  |
|    dec.dec.1.conv        |    37.056K             |    2.313G  |
|    dec.dec.2.conv        |    0.148M              |    9.253G  |
|    dec.dec.3.conv        |    37.056K             |    9.253G  |
|   dec.readout            |   65                   |   15.925M  |
|    dec.readout.weight    |    (1, 64, 1, 1)       |            |
|    dec.readout.bias      |    (1,)                |            |
|  hid.enc                 |  49.361M               |  64.108G   |
|   hid.enc.0              |   12.204M              |   15.84G   |
|    hid.enc.0.block       |    11.81M              |    15.33G  |
|    hid.enc.0.reduction   |    0.394M              |    0.51G   |
|   hid.enc.1.block        |   5.252M               |   6.823G   |
|    hid.enc.1.block.norm1 |    1.024K              |    3.318M  |
|    hid.enc.1.block.attn  |    1.051M              |    1.38G   |
|    hid.enc.1.block.norm2 |    1.024K              |    3.318M  |
|    hid.enc.1.block.mlp   |    4.199M              |    5.436G  |
|   hid.enc.2.block        |   5.252M               |   6.823G   |
|    hid.enc.2.block.norm1 |    1.024K              |    3.318M  |
|    hid.enc.2.block.attn  |    1.051M              |    1.38G   |
|    hid.enc.2.block.norm2 |    1.024K              |    3.318M  |
|    hid.enc.2.block.mlp   |    4.199M              |    5.436G  |
|   hid.enc.3.block        |   5.252M               |   6.823G   |
|    hid.enc.3.block.norm1 |    1.024K              |    3.318M  |
|    hid.enc.3.block.attn  |    1.051M              |    1.38G   |
|    hid.enc.3.block.norm2 |    1.024K              |    3.318M  |
|    hid.enc.3.block.mlp   |    4.199M              |    5.436G  |
|   hid.enc.4.block        |   5.252M               |   6.823G   |
|    hid.enc.4.block.norm1 |    1.024K              |    3.318M  |
|    hid.enc.4.block.attn  |    1.051M              |    1.38G   |
|    hid.enc.4.block.norm2 |    1.024K              |    3.318M  |
|    hid.enc.4.block.mlp   |    4.199M              |    5.436G  |
|   hid.enc.5.block        |   5.252M               |   6.823G   |
|    hid.enc.5.block.norm1 |    1.024K              |    3.318M  |
|    hid.enc.5.block.attn  |    1.051M              |    1.38G   |
|    hid.enc.5.block.norm2 |    1.024K              |    3.318M  |
|    hid.enc.5.block.mlp   |    4.199M              |    5.436G  |
|   hid.enc.6.block        |   5.252M               |   6.823G   |
|    hid.enc.6.block.norm1 |    1.024K              |    3.318M  |
|    hid.enc.6.block.attn  |    1.051M              |    1.38G   |
|    hid.enc.6.block.norm2 |    1.024K              |    3.318M  |
|    hid.enc.6.block.mlp   |    4.199M              |    5.436G  |
|   hid.enc.7              |   5.646M               |   7.332G   |
|    hid.enc.7.block       |    5.252M              |    6.823G  |
|    hid.enc.7.reduction   |    0.394M              |    0.51G   |
--------------------------------------------------------------------------------

2024-04-02 22:26:58,961 - Epoch 1: Lr: 0.0000400 | Train Loss: 0.0101401 | Vali Loss: 0.0062754
2024-04-02 22:28:06,309 - Epoch 2: Lr: 0.0000400 | Train Loss: 0.0059575 | Vali Loss: 0.0056457
2024-04-02 22:29:14,049 - Epoch 3: Lr: 0.0000400 | Train Loss: 0.0051564 | Vali Loss: 0.0053116
2024-04-02 22:30:21,744 - Epoch 4: Lr: 0.0000400 | Train Loss: 0.0047291 | Vali Loss: 0.0050912
2024-04-02 22:31:29,263 - Epoch 5: Lr: 0.0000400 | Train Loss: 0.0045764 | Vali Loss: 0.0048997
2024-04-02 22:32:36,956 - Epoch 6: Lr: 0.0000400 | Train Loss: 0.0044602 | Vali Loss: 0.0048037
2024-04-02 22:33:44,568 - Epoch 7: Lr: 0.0000400 | Train Loss: 0.0043137 | Vali Loss: 0.0047593
2024-04-02 22:34:51,988 - Epoch 8: Lr: 0.0000400 | Train Loss: 0.0041814 | Vali Loss: 0.0046872
2024-04-02 22:35:59,402 - Epoch 9: Lr: 0.0000400 | Train Loss: 0.0041397 | Vali Loss: 0.0047342
2024-04-02 22:37:05,326 - Epoch 10: Lr: 0.0000400 | Train Loss: 0.0040730 | Vali Loss: 0.0046150
2024-04-02 22:38:13,496 - Epoch 11: Lr: 0.0000400 | Train Loss: 0.0040221 | Vali Loss: 0.0045162
2024-04-02 22:39:20,857 - Epoch 12: Lr: 0.0000400 | Train Loss: 0.0038966 | Vali Loss: 0.0045119
2024-04-02 22:40:29,194 - Epoch 13: Lr: 0.0000400 | Train Loss: 0.0038827 | Vali Loss: 0.0044672
2024-04-02 22:41:39,609 - Epoch 14: Lr: 0.0000400 | Train Loss: 0.0037967 | Vali Loss: 0.0044254
2024-04-02 22:42:47,434 - Epoch 15: Lr: 0.0000400 | Train Loss: 0.0037957 | Vali Loss: 0.0047290
2024-04-02 22:43:53,190 - Epoch 16: Lr: 0.0000400 | Train Loss: 0.0037380 | Vali Loss: 0.0044457
2024-04-02 22:45:00,182 - Epoch 17: Lr: 0.0000400 | Train Loss: 0.0036894 | Vali Loss: 0.0046925
2024-04-02 22:46:07,391 - Epoch 18: Lr: 0.0000400 | Train Loss: 0.0036436 | Vali Loss: 0.0044410
2024-04-02 22:47:14,209 - Epoch 19: Lr: 0.0000400 | Train Loss: 0.0036148 | Vali Loss: 0.0044476
2024-04-02 22:48:21,003 - Epoch 20: Lr: 0.0000400 | Train Loss: 0.0035410 | Vali Loss: 0.0044083
2024-04-02 22:49:29,007 - Epoch 21: Lr: 0.0000400 | Train Loss: 0.0035136 | Vali Loss: 0.0043562
2024-04-02 22:50:37,185 - Epoch 22: Lr: 0.0000400 | Train Loss: 0.0034812 | Vali Loss: 0.0043561
2024-04-02 22:51:45,289 - Epoch 23: Lr: 0.0000400 | Train Loss: 0.0034445 | Vali Loss: 0.0044838
2024-04-02 22:52:51,955 - Epoch 24: Lr: 0.0000400 | Train Loss: 0.0034113 | Vali Loss: 0.0044368
2024-04-02 22:53:58,574 - Epoch 25: Lr: 0.0000400 | Train Loss: 0.0033580 | Vali Loss: 0.0045343
2024-04-02 22:55:05,151 - Epoch 26: Lr: 0.0000400 | Train Loss: 0.0033253 | Vali Loss: 0.0045094
2024-04-02 22:56:11,741 - Epoch 27: Lr: 0.0000400 | Train Loss: 0.0032735 | Vali Loss: 0.0044393
2024-04-02 22:57:18,289 - Epoch 28: Lr: 0.0000400 | Train Loss: 0.0032695 | Vali Loss: 0.0043995
2024-04-02 22:58:23,951 - Epoch 29: Lr: 0.0000400 | Train Loss: 0.0032112 | Vali Loss: 0.0043875
2024-04-02 22:59:29,477 - Epoch 30: Lr: 0.0000401 | Train Loss: 0.0031940 | Vali Loss: 0.0044031
2024-04-02 23:00:35,055 - Epoch 31: Lr: 0.0000401 | Train Loss: 0.0031579 | Vali Loss: 0.0043159
2024-04-02 23:01:41,986 - Epoch 32: Lr: 0.0000401 | Train Loss: 0.0031351 | Vali Loss: 0.0043903
2024-04-02 23:02:47,476 - Epoch 33: Lr: 0.0000401 | Train Loss: 0.0031074 | Vali Loss: 0.0043746
2024-04-02 23:03:52,949 - Epoch 34: Lr: 0.0000401 | Train Loss: 0.0030504 | Vali Loss: 0.0043620
2024-04-02 23:04:58,422 - Epoch 35: Lr: 0.0000401 | Train Loss: 0.0030357 | Vali Loss: 0.0044882
2024-04-02 23:06:03,905 - Epoch 36: Lr: 0.0000401 | Train Loss: 0.0030115 | Vali Loss: 0.0044991
2024-04-02 23:07:09,384 - Epoch 37: Lr: 0.0000401 | Train Loss: 0.0029801 | Vali Loss: 0.0043149
2024-04-02 23:08:16,257 - Epoch 38: Lr: 0.0000401 | Train Loss: 0.0029458 | Vali Loss: 0.0044367
2024-04-02 23:09:21,757 - Epoch 39: Lr: 0.0000401 | Train Loss: 0.0029077 | Vali Loss: 0.0043163
2024-04-02 23:10:27,361 - Epoch 40: Lr: 0.0000401 | Train Loss: 0.0029165 | Vali Loss: 0.0044448
2024-04-02 23:11:33,561 - Epoch 41: Lr: 0.0000401 | Train Loss: 0.0029104 | Vali Loss: 0.0043640
2024-04-02 23:12:40,097 - Epoch 42: Lr: 0.0000401 | Train Loss: 0.0028763 | Vali Loss: 0.0043370
2024-04-02 23:13:46,689 - Epoch 43: Lr: 0.0000401 | Train Loss: 0.0028163 | Vali Loss: 0.0043273
2024-04-02 23:14:53,250 - Epoch 44: Lr: 0.0000401 | Train Loss: 0.0028283 | Vali Loss: 0.0043563
2024-04-02 23:15:59,862 - Epoch 45: Lr: 0.0000401 | Train Loss: 0.0027933 | Vali Loss: 0.0043663
2024-04-02 23:17:06,457 - Epoch 46: Lr: 0.0000401 | Train Loss: 0.0027747 | Vali Loss: 0.0043483
2024-04-02 23:18:13,028 - Epoch 47: Lr: 0.0000401 | Train Loss: 0.0027474 | Vali Loss: 0.0043787
2024-04-02 23:19:19,585 - Epoch 48: Lr: 0.0000401 | Train Loss: 0.0027746 | Vali Loss: 0.0044222
2024-04-02 23:20:26,180 - Epoch 49: Lr: 0.0000401 | Train Loss: 0.0027161 | Vali Loss: 0.0043203
2024-04-02 23:20:34,243 - mse:90.47541809082031, mae:676.39013671875
