2024-03-03 17:01:23,362 - Environment info:
------------------------------------------------------------
sys.platform: win32
Python: 3.10.8 | packaged by conda-forge | (main, Nov 22 2022, 08:16:33) [MSC v.1929 64 bit (AMD64)]
CUDA available: True
CUDA_HOME: C:\Program Files\NVIDIA GPU Computing Toolkit\CUDA\v12.3
NVCC: Not Available
GPU 0: NVIDIA GeForce RTX 4080
GCC: <built-in method strip of str object at 0x00000199A3DA2790>
PyTorch: 2.1.0
PyTorch compiling details: PyTorch built with:
  - C++ Version: 199711
  - MSVC 192930151
  - Intel(R) Math Kernel Library Version 2020.0.2 Product Build 20200624 for Intel(R) 64 architecture applications
  - Intel(R) MKL-DNN v3.1.1 (Git Hash 64f6bcbcbab628e96f33a62c3e975f8535a7bde4)
  - OpenMP 2019
  - LAPACK is enabled (usually provided by MKL)
  - CPU capability usage: AVX512
  - CUDA Runtime 12.1
  - NVCC architecture flags: -gencode;arch=compute_50,code=sm_50;-gencode;arch=compute_60,code=sm_60;-gencode;arch=compute_61,code=sm_61;-gencode;arch=compute_70,code=sm_70;-gencode;arch=compute_75,code=sm_75;-gencode;arch=compute_80,code=sm_80;-gencode;arch=compute_86,code=sm_86;-gencode;arch=compute_90,code=sm_90
  - CuDNN 8.8.1  (built against CUDA 12.0)
  - Magma 2.5.4
  - Build settings: BLAS_INFO=mkl, BUILD_TYPE=Release, CUDA_VERSION=12.1, CUDNN_VERSION=8.8.1, CXX_COMPILER=C:/cb/pytorch_1000000000000/work/tmp_bin/sccache-cl.exe, CXX_FLAGS=/DWIN32 /D_WINDOWS /GR /EHsc /bigobj /FS -DUSE_PTHREADPOOL -DNDEBUG -DUSE_KINETO -DLIBKINETO_NOCUPTI -DLIBKINETO_NOROCTRACER -DUSE_FBGEMM -DUSE_XNNPACK -DSYMBOLICATE_MOBILE_DEBUG_HANDLE /utf-8 /wd4624 /wd4068 /wd4067 /wd4267 /wd4661 /wd4717 /wd4244 /wd4804 /wd4273, LAPACK_INFO=mkl, PERF_WITH_AVX=1, PERF_WITH_AVX2=1, PERF_WITH_AVX512=1, TORCH_DISABLE_GPU_ASSERTS=OFF, TORCH_VERSION=2.1.0, USE_CUDA=ON, USE_CUDNN=ON, USE_EXCEPTION_PTR=1, USE_GFLAGS=OFF, USE_GLOG=OFF, USE_MKL=ON, USE_MKLDNN=ON, USE_MPI=OFF, USE_NCCL=OFF, USE_NNPACK=OFF, USE_OPENMP=ON, USE_ROCM=OFF, 

TorchVision: 0.16.0
OpenCV: 4.8.1
openstl: 1.0.0
------------------------------------------------------------

2024-03-03 17:01:23,363 - 
device: 	cuda	
dist: 	False	
res_dir: 	work_dirs	
ex_name: 	custom_exp	
fp16: 	False	
torchscript: 	False	
seed: 	42	
fps: 	False	
test: 	False	
deterministic: 	False	
batch_size: 	4	
val_batch_size: 	1	
num_workers: 	8	
data_root: 	./data	
dataname: 	custom	
pre_seq_length: 	12	
aft_seq_length: 	12	
total_length: 	24	
use_augment: 	False	
use_prefetcher: 	False	
drop_last: 	False	
method: 	simvp	
config_file: 	None	
model_type: 	swin	
drop: 	0.1	
drop_path: 	0.1	
overwrite: 	False	
loss: 	mse	
epoch: 	50	
log_step: 	1	
opt: 	adam	
opt_eps: 	None	
opt_betas: 	None	
momentum: 	0.9	
weight_decay: 	0.0	
clip_grad: 	None	
clip_mode: 	norm	
no_display_method_info: 	False	
sched: 	onecycle	
lr: 	0.001	
lr_k_decay: 	1.0	
warmup_lr: 	1e-06	
min_lr: 	1e-06	
final_div_factor: 	10000.0	
warmup_epoch: 	5	
decay_epoch: 	100	
decay_rate: 	0.1	
filter_bias_and_bn: 	False	
gpus: 	[0]	
metric_for_bestckpt: 	val_loss	
metrics: 	['mae', 'mse']	
in_shape: 	[12, 1, 144, 144]	
N_S: 	4	
N_T: 	8	
hid_S: 	64	
hid_T: 	512	
spatio_kernel_enc: 	3	
spatio_kernel_dec: 	3	
model_num: 	3	
2024-03-03 17:01:23,363 - Model info:
SimVP_Model(
  (enc): Encoder(
    (enc): Sequential(
      (0): ConvSC(
        (conv): BasicConv2d(
          (conv): Conv2d(1, 64, kernel_size=(3, 3), stride=(1, 1), padding=(1, 1))
          (norm): GroupNorm(2, 64, eps=1e-05, affine=True)
          (act): SiLU()
        )
      )
      (1): ConvSC(
        (conv): BasicConv2d(
          (conv): Conv2d(64, 64, kernel_size=(3, 3), stride=(2, 2), padding=(1, 1))
          (norm): GroupNorm(2, 64, eps=1e-05, affine=True)
          (act): SiLU()
        )
      )
      (2): ConvSC(
        (conv): BasicConv2d(
          (conv): Conv2d(64, 64, kernel_size=(3, 3), stride=(1, 1), padding=(1, 1))
          (norm): GroupNorm(2, 64, eps=1e-05, affine=True)
          (act): SiLU()
        )
      )
      (3): ConvSC(
        (conv): BasicConv2d(
          (conv): Conv2d(64, 64, kernel_size=(3, 3), stride=(2, 2), padding=(1, 1))
          (norm): GroupNorm(2, 64, eps=1e-05, affine=True)
          (act): SiLU()
        )
      )
    )
  )
  (dec): Decoder(
    (dec): Sequential(
      (0): ConvSC(
        (conv): BasicConv2d(
          (conv): Sequential(
            (0): Conv2d(64, 256, kernel_size=(3, 3), stride=(1, 1), padding=(1, 1))
            (1): PixelShuffle(upscale_factor=2)
          )
          (norm): GroupNorm(2, 64, eps=1e-05, affine=True)
          (act): SiLU()
        )
      )
      (1): ConvSC(
        (conv): BasicConv2d(
          (conv): Conv2d(64, 64, kernel_size=(3, 3), stride=(1, 1), padding=(1, 1))
          (norm): GroupNorm(2, 64, eps=1e-05, affine=True)
          (act): SiLU()
        )
      )
      (2): ConvSC(
        (conv): BasicConv2d(
          (conv): Sequential(
            (0): Conv2d(64, 256, kernel_size=(3, 3), stride=(1, 1), padding=(1, 1))
            (1): PixelShuffle(upscale_factor=2)
          )
          (norm): GroupNorm(2, 64, eps=1e-05, affine=True)
          (act): SiLU()
        )
      )
      (3): ConvSC(
        (conv): BasicConv2d(
          (conv): Conv2d(64, 64, kernel_size=(3, 3), stride=(1, 1), padding=(1, 1))
          (norm): GroupNorm(2, 64, eps=1e-05, affine=True)
          (act): SiLU()
        )
      )
    )
    (readout): Conv2d(64, 1, kernel_size=(1, 1), stride=(1, 1))
  )
  (hid): MidMetaNet(
    (enc): Sequential(
      (0): MetaBlock(
        (block): SwinSubBlock(
          (norm1): LayerNorm((768,), eps=1e-05, elementwise_affine=True)
          (attn): WindowAttention(
            (qkv): Linear(in_features=768, out_features=2304, bias=True)
            (attn_drop): Dropout(p=0.0, inplace=False)
            (proj): Linear(in_features=768, out_features=768, bias=True)
            (proj_drop): Dropout(p=0.1, inplace=False)
            (softmax): Softmax(dim=-1)
          )
          (drop_path): DropPath(drop_prob=0.010)
          (norm2): LayerNorm((768,), eps=1e-05, elementwise_affine=True)
          (mlp): Mlp(
            (fc1): Linear(in_features=768, out_features=6144, bias=True)
            (act): GELU(approximate='none')
            (drop1): Dropout(p=0.1, inplace=False)
            (fc2): Linear(in_features=6144, out_features=768, bias=True)
            (drop2): Dropout(p=0.1, inplace=False)
          )
        )
        (reduction): Conv2d(768, 512, kernel_size=(1, 1), stride=(1, 1))
      )
      (1): MetaBlock(
        (block): SwinSubBlock(
          (norm1): LayerNorm((512,), eps=1e-05, elementwise_affine=True)
          (attn): WindowAttention(
            (qkv): Linear(in_features=512, out_features=1536, bias=True)
            (attn_drop): Dropout(p=0.0, inplace=False)
            (proj): Linear(in_features=512, out_features=512, bias=True)
            (proj_drop): Dropout(p=0.1, inplace=False)
            (softmax): Softmax(dim=-1)
          )
          (drop_path): DropPath(drop_prob=0.023)
          (norm2): LayerNorm((512,), eps=1e-05, elementwise_affine=True)
          (mlp): Mlp(
            (fc1): Linear(in_features=512, out_features=4096, bias=True)
            (act): GELU(approximate='none')
            (drop1): Dropout(p=0.1, inplace=False)
            (fc2): Linear(in_features=4096, out_features=512, bias=True)
            (drop2): Dropout(p=0.1, inplace=False)
          )
        )
      )
      (2): MetaBlock(
        (block): SwinSubBlock(
          (norm1): LayerNorm((512,), eps=1e-05, elementwise_affine=True)
          (attn): WindowAttention(
            (qkv): Linear(in_features=512, out_features=1536, bias=True)
            (attn_drop): Dropout(p=0.0, inplace=False)
            (proj): Linear(in_features=512, out_features=512, bias=True)
            (proj_drop): Dropout(p=0.1, inplace=False)
            (softmax): Softmax(dim=-1)
          )
          (drop_path): DropPath(drop_prob=0.036)
          (norm2): LayerNorm((512,), eps=1e-05, elementwise_affine=True)
          (mlp): Mlp(
            (fc1): Linear(in_features=512, out_features=4096, bias=True)
            (act): GELU(approximate='none')
            (drop1): Dropout(p=0.1, inplace=False)
            (fc2): Linear(in_features=4096, out_features=512, bias=True)
            (drop2): Dropout(p=0.1, inplace=False)
          )
        )
      )
      (3): MetaBlock(
        (block): SwinSubBlock(
          (norm1): LayerNorm((512,), eps=1e-05, elementwise_affine=True)
          (attn): WindowAttention(
            (qkv): Linear(in_features=512, out_features=1536, bias=True)
            (attn_drop): Dropout(p=0.0, inplace=False)
            (proj): Linear(in_features=512, out_features=512, bias=True)
            (proj_drop): Dropout(p=0.1, inplace=False)
            (softmax): Softmax(dim=-1)
          )
          (drop_path): DropPath(drop_prob=0.049)
          (norm2): LayerNorm((512,), eps=1e-05, elementwise_affine=True)
          (mlp): Mlp(
            (fc1): Linear(in_features=512, out_features=4096, bias=True)
            (act): GELU(approximate='none')
            (drop1): Dropout(p=0.1, inplace=False)
            (fc2): Linear(in_features=4096, out_features=512, bias=True)
            (drop2): Dropout(p=0.1, inplace=False)
          )
        )
      )
      (4): MetaBlock(
        (block): SwinSubBlock(
          (norm1): LayerNorm((512,), eps=1e-05, elementwise_affine=True)
          (attn): WindowAttention(
            (qkv): Linear(in_features=512, out_features=1536, bias=True)
            (attn_drop): Dropout(p=0.0, inplace=False)
            (proj): Linear(in_features=512, out_features=512, bias=True)
            (proj_drop): Dropout(p=0.1, inplace=False)
            (softmax): Softmax(dim=-1)
          )
          (drop_path): DropPath(drop_prob=0.061)
          (norm2): LayerNorm((512,), eps=1e-05, elementwise_affine=True)
          (mlp): Mlp(
            (fc1): Linear(in_features=512, out_features=4096, bias=True)
            (act): GELU(approximate='none')
            (drop1): Dropout(p=0.1, inplace=False)
            (fc2): Linear(in_features=4096, out_features=512, bias=True)
            (drop2): Dropout(p=0.1, inplace=False)
          )
        )
      )
      (5): MetaBlock(
        (block): SwinSubBlock(
          (norm1): LayerNorm((512,), eps=1e-05, elementwise_affine=True)
          (attn): WindowAttention(
            (qkv): Linear(in_features=512, out_features=1536, bias=True)
            (attn_drop): Dropout(p=0.0, inplace=False)
            (proj): Linear(in_features=512, out_features=512, bias=True)
            (proj_drop): Dropout(p=0.1, inplace=False)
            (softmax): Softmax(dim=-1)
          )
          (drop_path): DropPath(drop_prob=0.074)
          (norm2): LayerNorm((512,), eps=1e-05, elementwise_affine=True)
          (mlp): Mlp(
            (fc1): Linear(in_features=512, out_features=4096, bias=True)
            (act): GELU(approximate='none')
            (drop1): Dropout(p=0.1, inplace=False)
            (fc2): Linear(in_features=4096, out_features=512, bias=True)
            (drop2): Dropout(p=0.1, inplace=False)
          )
        )
      )
      (6): MetaBlock(
        (block): SwinSubBlock(
          (norm1): LayerNorm((512,), eps=1e-05, elementwise_affine=True)
          (attn): WindowAttention(
            (qkv): Linear(in_features=512, out_features=1536, bias=True)
            (attn_drop): Dropout(p=0.0, inplace=False)
            (proj): Linear(in_features=512, out_features=512, bias=True)
            (proj_drop): Dropout(p=0.1, inplace=False)
            (softmax): Softmax(dim=-1)
          )
          (drop_path): DropPath(drop_prob=0.087)
          (norm2): LayerNorm((512,), eps=1e-05, elementwise_affine=True)
          (mlp): Mlp(
            (fc1): Linear(in_features=512, out_features=4096, bias=True)
            (act): GELU(approximate='none')
            (drop1): Dropout(p=0.1, inplace=False)
            (fc2): Linear(in_features=4096, out_features=512, bias=True)
            (drop2): Dropout(p=0.1, inplace=False)
          )
        )
      )
      (7): MetaBlock(
        (block): SwinSubBlock(
          (norm1): LayerNorm((512,), eps=1e-05, elementwise_affine=True)
          (attn): WindowAttention(
            (qkv): Linear(in_features=512, out_features=1536, bias=True)
            (attn_drop): Dropout(p=0.0, inplace=False)
            (proj): Linear(in_features=512, out_features=512, bias=True)
            (proj_drop): Dropout(p=0.1, inplace=False)
            (softmax): Softmax(dim=-1)
          )
          (drop_path): DropPath(drop_prob=0.100)
          (norm2): LayerNorm((512,), eps=1e-05, elementwise_affine=True)
          (mlp): Mlp(
            (fc1): Linear(in_features=512, out_features=4096, bias=True)
            (act): GELU(approximate='none')
            (drop1): Dropout(p=0.1, inplace=False)
            (fc2): Linear(in_features=4096, out_features=512, bias=True)
            (drop2): Dropout(p=0.1, inplace=False)
          )
        )
        (reduction): Conv2d(512, 768, kernel_size=(1, 1), stride=(1, 1))
      )
    )
  )
)
| module                   | #parameters or shape   | #flops     |
|:-------------------------|:-----------------------|:-----------|
| model                    | 49.843M                | 92.683G    |
|  enc.enc                 |  0.112M                |  5.428G    |
|   enc.enc.0.conv         |   0.768K               |   0.223G   |
|    enc.enc.0.conv.conv   |    0.64K               |    0.143G  |
|    enc.enc.0.conv.norm   |    0.128K              |    79.626M |
|   enc.enc.1.conv         |   37.056K              |   2.313G   |
|    enc.enc.1.conv.conv   |    36.928K             |    2.293G  |
|    enc.enc.1.conv.norm   |    0.128K              |    19.907M |
|   enc.enc.2.conv         |   37.056K              |   2.313G   |
|    enc.enc.2.conv.conv   |    36.928K             |    2.293G  |
|    enc.enc.2.conv.norm   |    0.128K              |    19.907M |
|   enc.enc.3.conv         |   37.056K              |   0.578G   |
|    enc.enc.3.conv.conv   |    36.928K             |    0.573G  |
|    enc.enc.3.conv.norm   |    0.128K              |    4.977M  |
|  dec                     |  0.37M                 |  23.147G   |
|   dec.dec                |   0.37M                |   23.131G  |
|    dec.dec.0.conv        |    0.148M              |    2.313G  |
|    dec.dec.1.conv        |    37.056K             |    2.313G  |
|    dec.dec.2.conv        |    0.148M              |    9.253G  |
|    dec.dec.3.conv        |    37.056K             |    9.253G  |
|   dec.readout            |   65                   |   15.925M  |
|    dec.readout.weight    |    (1, 64, 1, 1)       |            |
|    dec.readout.bias      |    (1,)                |            |
|  hid.enc                 |  49.361M               |  64.108G   |
|   hid.enc.0              |   12.204M              |   15.84G   |
|    hid.enc.0.block       |    11.81M              |    15.33G  |
|    hid.enc.0.reduction   |    0.394M              |    0.51G   |
|   hid.enc.1.block        |   5.252M               |   6.823G   |
|    hid.enc.1.block.norm1 |    1.024K              |    3.318M  |
|    hid.enc.1.block.attn  |    1.051M              |    1.38G   |
|    hid.enc.1.block.norm2 |    1.024K              |    3.318M  |
|    hid.enc.1.block.mlp   |    4.199M              |    5.436G  |
|   hid.enc.2.block        |   5.252M               |   6.823G   |
|    hid.enc.2.block.norm1 |    1.024K              |    3.318M  |
|    hid.enc.2.block.attn  |    1.051M              |    1.38G   |
|    hid.enc.2.block.norm2 |    1.024K              |    3.318M  |
|    hid.enc.2.block.mlp   |    4.199M              |    5.436G  |
|   hid.enc.3.block        |   5.252M               |   6.823G   |
|    hid.enc.3.block.norm1 |    1.024K              |    3.318M  |
|    hid.enc.3.block.attn  |    1.051M              |    1.38G   |
|    hid.enc.3.block.norm2 |    1.024K              |    3.318M  |
|    hid.enc.3.block.mlp   |    4.199M              |    5.436G  |
|   hid.enc.4.block        |   5.252M               |   6.823G   |
|    hid.enc.4.block.norm1 |    1.024K              |    3.318M  |
|    hid.enc.4.block.attn  |    1.051M              |    1.38G   |
|    hid.enc.4.block.norm2 |    1.024K              |    3.318M  |
|    hid.enc.4.block.mlp   |    4.199M              |    5.436G  |
|   hid.enc.5.block        |   5.252M               |   6.823G   |
|    hid.enc.5.block.norm1 |    1.024K              |    3.318M  |
|    hid.enc.5.block.attn  |    1.051M              |    1.38G   |
|    hid.enc.5.block.norm2 |    1.024K              |    3.318M  |
|    hid.enc.5.block.mlp   |    4.199M              |    5.436G  |
|   hid.enc.6.block        |   5.252M               |   6.823G   |
|    hid.enc.6.block.norm1 |    1.024K              |    3.318M  |
|    hid.enc.6.block.attn  |    1.051M              |    1.38G   |
|    hid.enc.6.block.norm2 |    1.024K              |    3.318M  |
|    hid.enc.6.block.mlp   |    4.199M              |    5.436G  |
|   hid.enc.7              |   5.646M               |   7.332G   |
|    hid.enc.7.block       |    5.252M              |    6.823G  |
|    hid.enc.7.reduction   |    0.394M              |    0.51G   |
--------------------------------------------------------------------------------

2024-03-03 17:03:36,567 - Epoch 1: Lr: 0.0000400 | Train Loss: 0.0096351 | Vali Loss: 0.0060102
2024-03-03 17:04:44,339 - Epoch 2: Lr: 0.0000400 | Train Loss: 0.0058711 | Vali Loss: 0.0053769
2024-03-03 17:05:52,159 - Epoch 3: Lr: 0.0000400 | Train Loss: 0.0049946 | Vali Loss: 0.0055773
2024-03-03 17:06:58,589 - Epoch 4: Lr: 0.0000400 | Train Loss: 0.0046199 | Vali Loss: 0.0049870
2024-03-03 17:08:06,416 - Epoch 5: Lr: 0.0000400 | Train Loss: 0.0045073 | Vali Loss: 0.0047538
2024-03-03 17:09:14,336 - Epoch 6: Lr: 0.0000400 | Train Loss: 0.0043138 | Vali Loss: 0.0047518
2024-03-03 17:10:22,065 - Epoch 7: Lr: 0.0000400 | Train Loss: 0.0042104 | Vali Loss: 0.0046044
2024-03-03 17:11:29,818 - Epoch 8: Lr: 0.0000400 | Train Loss: 0.0040608 | Vali Loss: 0.0046693
2024-03-03 17:12:36,241 - Epoch 9: Lr: 0.0000400 | Train Loss: 0.0039697 | Vali Loss: 0.0047001
2024-03-03 17:13:42,586 - Epoch 10: Lr: 0.0000400 | Train Loss: 0.0039537 | Vali Loss: 0.0044636
2024-03-03 17:14:50,391 - Epoch 11: Lr: 0.0000400 | Train Loss: 0.0038955 | Vali Loss: 0.0045053
2024-03-03 17:15:56,815 - Epoch 12: Lr: 0.0000400 | Train Loss: 0.0037512 | Vali Loss: 0.0043814
2024-03-03 17:17:04,665 - Epoch 13: Lr: 0.0000400 | Train Loss: 0.0037229 | Vali Loss: 0.0044578
2024-03-03 17:18:11,042 - Epoch 14: Lr: 0.0000400 | Train Loss: 0.0036405 | Vali Loss: 0.0043356
2024-03-03 17:19:18,835 - Epoch 15: Lr: 0.0000400 | Train Loss: 0.0035953 | Vali Loss: 0.0045392
2024-03-03 17:20:25,226 - Epoch 16: Lr: 0.0000400 | Train Loss: 0.0035330 | Vali Loss: 0.0043861
2024-03-03 17:21:31,645 - Epoch 17: Lr: 0.0000400 | Train Loss: 0.0034863 | Vali Loss: 0.0050047
2024-03-03 17:22:38,056 - Epoch 18: Lr: 0.0000400 | Train Loss: 0.0034231 | Vali Loss: 0.0042956
2024-03-03 17:23:45,842 - Epoch 19: Lr: 0.0000400 | Train Loss: 0.0033577 | Vali Loss: 0.0044279
2024-03-03 17:24:52,250 - Epoch 20: Lr: 0.0000400 | Train Loss: 0.0033069 | Vali Loss: 0.0043298
2024-03-03 17:25:58,662 - Epoch 21: Lr: 0.0000400 | Train Loss: 0.0032696 | Vali Loss: 0.0042963
2024-03-03 17:27:05,072 - Epoch 22: Lr: 0.0000400 | Train Loss: 0.0032338 | Vali Loss: 0.0042734
2024-03-03 17:28:12,901 - Epoch 23: Lr: 0.0000400 | Train Loss: 0.0031456 | Vali Loss: 0.0043211
2024-03-03 17:29:19,303 - Epoch 24: Lr: 0.0000400 | Train Loss: 0.0031414 | Vali Loss: 0.0043107
2024-03-03 17:30:25,726 - Epoch 25: Lr: 0.0000400 | Train Loss: 0.0030678 | Vali Loss: 0.0043728
2024-03-03 17:31:32,226 - Epoch 26: Lr: 0.0000400 | Train Loss: 0.0030511 | Vali Loss: 0.0043968
2024-03-03 17:32:38,471 - Epoch 27: Lr: 0.0000400 | Train Loss: 0.0030061 | Vali Loss: 0.0043479
2024-03-03 17:33:44,677 - Epoch 28: Lr: 0.0000400 | Train Loss: 0.0029326 | Vali Loss: 0.0042804
2024-03-03 17:34:50,953 - Epoch 29: Lr: 0.0000400 | Train Loss: 0.0029210 | Vali Loss: 0.0042991
2024-03-03 17:35:57,243 - Epoch 30: Lr: 0.0000401 | Train Loss: 0.0028667 | Vali Loss: 0.0043517
2024-03-03 17:37:03,498 - Epoch 31: Lr: 0.0000401 | Train Loss: 0.0028480 | Vali Loss: 0.0042322
2024-03-03 17:38:11,170 - Epoch 32: Lr: 0.0000401 | Train Loss: 0.0028158 | Vali Loss: 0.0043353
2024-03-03 17:39:17,389 - Epoch 33: Lr: 0.0000401 | Train Loss: 0.0027765 | Vali Loss: 0.0042894
2024-03-03 17:40:23,677 - Epoch 34: Lr: 0.0000401 | Train Loss: 0.0027355 | Vali Loss: 0.0043758
2024-03-03 17:41:29,965 - Epoch 35: Lr: 0.0000401 | Train Loss: 0.0027318 | Vali Loss: 0.0043405
2024-03-03 17:42:36,167 - Epoch 36: Lr: 0.0000401 | Train Loss: 0.0026611 | Vali Loss: 0.0044030
2024-03-03 17:43:42,376 - Epoch 37: Lr: 0.0000401 | Train Loss: 0.0026333 | Vali Loss: 0.0042870
2024-03-03 17:44:48,647 - Epoch 38: Lr: 0.0000401 | Train Loss: 0.0026154 | Vali Loss: 0.0042413
2024-03-03 17:45:54,897 - Epoch 39: Lr: 0.0000401 | Train Loss: 0.0025645 | Vali Loss: 0.0042395
2024-03-03 17:47:01,209 - Epoch 40: Lr: 0.0000401 | Train Loss: 0.0025535 | Vali Loss: 0.0042441
2024-03-03 17:48:07,477 - Epoch 41: Lr: 0.0000401 | Train Loss: 0.0025341 | Vali Loss: 0.0043295
2024-03-03 17:49:13,714 - Epoch 42: Lr: 0.0000401 | Train Loss: 0.0025199 | Vali Loss: 0.0042603
2024-03-03 17:50:19,971 - Epoch 43: Lr: 0.0000401 | Train Loss: 0.0024605 | Vali Loss: 0.0043064
2024-03-03 17:51:26,224 - Epoch 44: Lr: 0.0000401 | Train Loss: 0.0024488 | Vali Loss: 0.0043325
2024-03-03 17:52:32,486 - Epoch 45: Lr: 0.0000401 | Train Loss: 0.0023930 | Vali Loss: 0.0043116
2024-03-03 17:53:38,758 - Epoch 46: Lr: 0.0000401 | Train Loss: 0.0024240 | Vali Loss: 0.0044230
2024-03-03 17:54:44,967 - Epoch 47: Lr: 0.0000401 | Train Loss: 0.0023725 | Vali Loss: 0.0043006
2024-03-03 17:55:51,198 - Epoch 48: Lr: 0.0000401 | Train Loss: 0.0023745 | Vali Loss: 0.0043019
2024-03-03 17:56:57,451 - Epoch 49: Lr: 0.0000401 | Train Loss: 0.0023285 | Vali Loss: 0.0042739
2024-03-03 17:57:05,055 - mse:89.75752258300781, mae:693.4810180664062
